INFO-FLOW: Workspace /media/nisitha/My_Passport/MOODLE/Vivado_projects/LSTM_project/HLS_project/lstm_hls_project/solution1 opened at Tue Jul 08 10:04:09 +0530 2025
Execute     ap_set_clock -name default -period 10 -default=false 
INFO: [SYN 201-201] Setting up clock 'default' with a period of 10ns.
Execute     set_part xc7z010-clg400-1 
Execute       create_platform xc7z010-clg400-1 -board  
DBG:HLSDevice: Trying to load device library: /tools/Xilinx/Vitis_HLS/2023.2/lib/lnx64.o/libxv_hlsvwrap.so
DBG:HLSDevice: first parts/arch.xml in RDI_DATADIR: /tools/Xilinx/Vivado/2023.2/data/parts/arch.xml
DBG:HLSDevice: init success
INFO: [HLS 200-1611] Setting target device to 'xc7z010-clg400-1'
Command       create_platform done; 2.19 sec.
Execute       source /tools/Xilinx/Vitis_HLS/2023.2/common/technology/xilinx/common/xilinx.gen 
Execute         source /tools/Xilinx/Vitis_HLS/2023.2/common/technology/xilinx/interface/plb46.gen 
Execute         source /tools/Xilinx/Vitis_HLS/2023.2/common/technology/xilinx/interface/axi4.gen 
Execute         source /tools/Xilinx/Vitis_HLS/2023.2/common/technology/xilinx/interface/nativeAXI4.gen 
Execute           source /tools/Xilinx/Vitis_HLS/2023.2/common/technology/xilinx/interface/saxilite.gen 
Execute         source /tools/Xilinx/Vitis_HLS/2023.2/common/technology/xilinx/scripts/xilinxcoregen.gen 
Execute         source /tools/Xilinx/Vitis_HLS/2023.2/common/technology/xilinx/interface/XilEDKCoreGen.gen 
Execute         source /tools/Xilinx/Vitis_HLS/2023.2/common/technology/xilinx/ip/xfir.gen 
Execute         source /tools/Xilinx/Vitis_HLS/2023.2/common/technology/xilinx/ip/xfft.gen 
Command         ap_source done; 0.14 sec.
Execute         source /tools/Xilinx/Vitis_HLS/2023.2/common/technology/xilinx/ip/util.gen 
Execute         source /tools/Xilinx/Vitis_HLS/2023.2/common/technology/xilinx/ip/dds_compiler.gen 
Execute         source /tools/Xilinx/Vitis_HLS/2023.2/common/technology/xilinx/DSP48/dsp48.gen 
Command       ap_source done; 0.18 sec.
Execute       ap_part_info -name xc7z010-clg400-1 -data info 
Execute       config_compile -quiet -complex-mul-dsp=0 
Command     set_part done; 2.44 sec.
Execute     send_msg_by_id INFO @200-1505@%s%s  vivado 
INFO: [HLS 200-1505] Using flow_target 'vivado'
Command   open_solution done; 2.69 sec.
Execute   set_part xc7z010clg400-1 
INFO: [HLS 200-1510] Running: set_part xc7z010clg400-1 
Execute     create_platform xc7z010clg400-1 -board  
Command     create_platform done; 0.14 sec.
Execute     source /tools/Xilinx/Vitis_HLS/2023.2/common/technology/xilinx/common/xilinx.gen 
Execute       source /tools/Xilinx/Vitis_HLS/2023.2/common/technology/xilinx/interface/plb46.gen 
Execute       source /tools/Xilinx/Vitis_HLS/2023.2/common/technology/xilinx/interface/axi4.gen 
Execute       source /tools/Xilinx/Vitis_HLS/2023.2/common/technology/xilinx/interface/nativeAXI4.gen 
Execute         source /tools/Xilinx/Vitis_HLS/2023.2/common/technology/xilinx/interface/saxilite.gen 
Execute       source /tools/Xilinx/Vitis_HLS/2023.2/common/technology/xilinx/scripts/xilinxcoregen.gen 
Execute       source /tools/Xilinx/Vitis_HLS/2023.2/common/technology/xilinx/interface/XilEDKCoreGen.gen 
Execute       source /tools/Xilinx/Vitis_HLS/2023.2/common/technology/xilinx/ip/xfir.gen 
Execute       source /tools/Xilinx/Vitis_HLS/2023.2/common/technology/xilinx/ip/xfft.gen 
Command       ap_source done; 0.13 sec.
Execute       source /tools/Xilinx/Vitis_HLS/2023.2/common/technology/xilinx/ip/util.gen 
Execute       source /tools/Xilinx/Vitis_HLS/2023.2/common/technology/xilinx/ip/dds_compiler.gen 
Execute       source /tools/Xilinx/Vitis_HLS/2023.2/common/technology/xilinx/DSP48/dsp48.gen 
Command     ap_source done; 0.17 sec.
Execute     ap_part_info -name xc7z010-clg400-1 -data info 
Execute     config_compile -quiet -complex-mul-dsp=0 
Command   set_part done; 0.37 sec.
Execute   create_clock -period 10 -name default 
INFO: [HLS 200-1510] Running: create_clock -period 10 -name default 
Execute   csynth_design 
INFO: [HLS 200-1510] Running: csynth_design 
INFO-FLOW: Running SLX 'csynth' proc: ::SLX::run_csynth
Execute     elaborate -effort=medium -skip_syncheck=0 -keep_printf=0 -skip_cdt=0 -skip_transform=0 -ng=0 -g=0 -opt_fp=0 -from_csynth_design=1 
INFO: [HLS 200-111] Finished File checks and directory preparation: CPU user time: 0.16 seconds. CPU system time: 0.02 seconds. Elapsed time: 0.2 seconds; current allocated memory: 312.211 MB.
Execute       set_directive_top top_fpga_lstm -name=top_fpga_lstm 
Execute       source /tools/Xilinx/Vitis_HLS/2023.2/tps/tcl/tcllib1.11.1/yaml/huddle.tcl 
Execute       source /tools/Xilinx/Vitis_HLS/2023.2/tps/tcl/tcllib1.11.1/yaml/json2huddle.tcl 
Execute         source /tools/Xilinx/Vitis_HLS/2023.2/tps/tcl/tcllib1.11.1/try/try.tcl 
INFO: [HLS 200-10] Analyzing design file 'lstm_hls_project/src_files/lstm_kernel.cpp' ... 
INFO-FLOW: Compiling one TU...
INFO-FLOW: Handling lstm_hls_project/src_files/lstm_kernel.cpp as C++
Execute       ap_part_info -name xc7z010-clg400-1 -data info 
INFO-FLOW: Running: GCC PP 39
INFO-FLOW: Source preprocessing
INFO-FLOW: run_clang exec: /tools/Xilinx/Vitis_HLS/2023.2/lnx64/tools/clang-3.9-csynth/bin/clang lstm_hls_project/src_files/lstm_kernel.cpp -foptimization-record-file=/media/nisitha/My_Passport/MOODLE/Vivado_projects/LSTM_project/HLS_project/lstm_hls_project/solution1/.autopilot/db/lstm_kernel.cpp.clang.diag.yml -mllvm -pass-remarks-missed=reflow|pasta|unroll -mllvm -pass-remarks=reflow|pasta|unroll|inline -fno-limit-debug-info -gcc-toolchain /tools/Xilinx/Vitis_HLS/2023.2/tps/lnx64/gcc-8.3.0 -fhls -fno-exceptions -insert-hls-directive=/media/nisitha/My_Passport/MOODLE/Vivado_projects/LSTM_project/HLS_project/lstm_hls_project/solution1/.autopilot/db/all.directive.json -E -fno-math-errno -c -emit-llvm -mllvm -disable-llvm-optzns -Werror=implicit-function-declaration -Werror=implicit-hls-streams -Werror=return-type -Wpragmas -Wunused-parameter -Wdump-hls-pragmas -Wno-error=dump-hls-pragmas -hls-clock-period=10 -fno-threadsafe-statics -fno-use-cxa-atexit -std=gnu++14 -target fpga64-xilinx-linux-gnu -fno-threadsafe-statics -fno-use-cxa-atexit -D__VITIS_HLS__ -DAESL_SYN -D__SYNTHESIS__ -D__HLS_SYN__ -I /tools/Xilinx/Vitis_HLS/2023.2/common/technology/autopilot -I /tools/Xilinx/Vitis_HLS/2023.2/common/technology/autopilot/ap_sysc -include etc/autopilot_ssdm_op.h -D__DSP48E1__ -I /usr/include/x86_64-linux-gnu -o /media/nisitha/My_Passport/MOODLE/Vivado_projects/LSTM_project/HLS_project/lstm_hls_project/solution1/.autopilot/db/lstm_kernel.pp.0.cpp -hls-platform-db-name=/tools/Xilinx/Vitis_HLS/2023.2/common/technology/xilinx/common/platform.db -hls-platform-name=zynq_slow -device-resource-info=BRAM_120.000000_DSP_80.000000_FF_35200.000000_LUT_17600.000000_SLICE_4400.000000_URAM_0.000000 -device-name-info=xc7z010clg400-1 > /media/nisitha/My_Passport/MOODLE/Vivado_projects/LSTM_project/HLS_project/lstm_hls_project/solution1/.autopilot/db/lstm_kernel.cpp.clang.out.log 2> /media/nisitha/My_Passport/MOODLE/Vivado_projects/LSTM_project/HLS_project/lstm_hls_project/solution1/.autopilot/db/lstm_kernel.cpp.clang.err.log
INFO-FLOW: Done: GCC PP 39 time: 3.5 seconds per iteration
INFO-FLOW: Source syntax check for synthesis
INFO-FLOW: run_clang exec: /tools/Xilinx/Vitis_HLS/2023.2/lnx64/tools/clang-3.9-csynth/bin/clang -foptimization-record-file=/media/nisitha/My_Passport/MOODLE/Vivado_projects/LSTM_project/HLS_project/lstm_hls_project/solution1/.autopilot/db/clang.diag.yml -mllvm -pass-remarks-missed=reflow|pasta|unroll -mllvm -pass-remarks=reflow|pasta|unroll|inline -fsyntax-only -fhls -target fpga64-xilinx-linux-gnu /media/nisitha/My_Passport/MOODLE/Vivado_projects/LSTM_project/HLS_project/lstm_hls_project/solution1/.autopilot/db/lstm_kernel.pp.0.cpp -hls-platform-db-name=/tools/Xilinx/Vitis_HLS/2023.2/common/technology/xilinx/common/platform.db -hls-platform-name=zynq_slow -device-resource-info=BRAM_120.000000_DSP_80.000000_FF_35200.000000_LUT_17600.000000_SLICE_4400.000000_URAM_0.000000 -device-name-info=xc7z010clg400-1 > /media/nisitha/My_Passport/MOODLE/Vivado_projects/LSTM_project/HLS_project/lstm_hls_project/solution1/.autopilot/db/clang.out.log 2> /media/nisitha/My_Passport/MOODLE/Vivado_projects/LSTM_project/HLS_project/lstm_hls_project/solution1/.autopilot/db/clang.err.log
ERROR: [HLS 207-3776] use of undeclared identifier 'gateInputs' (lstm_hls_project/src_files/lstm_kernel.cpp:15:38)
WARNING: [HLS 207-5554] invalid variable expr  (lstm_hls_project/src_files/lstm_kernel.cpp:15:38)
ERROR: [HLS 207-3776] use of undeclared identifier 'gateForget' (lstm_hls_project/src_files/lstm_kernel.cpp:16:38)
WARNING: [HLS 207-5554] invalid variable expr  (lstm_hls_project/src_files/lstm_kernel.cpp:16:38)
ERROR: [HLS 207-3776] use of undeclared identifier 'gateForgetInv' (lstm_hls_project/src_files/lstm_kernel.cpp:17:38)
WARNING: [HLS 207-5554] invalid variable expr  (lstm_hls_project/src_files/lstm_kernel.cpp:17:38)
ERROR: [HLS 207-3776] use of undeclared identifier 'gateInput' (lstm_hls_project/src_files/lstm_kernel.cpp:18:38)
WARNING: [HLS 207-5554] invalid variable expr  (lstm_hls_project/src_files/lstm_kernel.cpp:18:38)
ERROR: [HLS 207-3776] use of undeclared identifier 'gateInputInv' (lstm_hls_project/src_files/lstm_kernel.cpp:19:38)
WARNING: [HLS 207-5554] invalid variable expr  (lstm_hls_project/src_files/lstm_kernel.cpp:19:38)
ERROR: [HLS 207-3776] use of undeclared identifier 'gateOutput' (lstm_hls_project/src_files/lstm_kernel.cpp:20:38)
WARNING: [HLS 207-5554] invalid variable expr  (lstm_hls_project/src_files/lstm_kernel.cpp:20:38)
ERROR: [HLS 207-3776] use of undeclared identifier 'gateOutputInv' (lstm_hls_project/src_files/lstm_kernel.cpp:21:38)
WARNING: [HLS 207-5554] invalid variable expr  (lstm_hls_project/src_files/lstm_kernel.cpp:21:38)
ERROR: [HLS 207-3776] use of undeclared identifier 'cellCandidate' (lstm_hls_project/src_files/lstm_kernel.cpp:22:38)
WARNING: [HLS 207-5554] invalid variable expr  (lstm_hls_project/src_files/lstm_kernel.cpp:22:38)
ERROR: [HLS 207-3777] use of undeclared identifier 'newCellState'; did you mean 'cellState'? (lstm_hls_project/src_files/lstm_kernel.cpp:23:38)
INFO: [HLS 207-4436] 'cellState' declared here (lstm_hls_project/src_files/lstm_kernel.cpp:13:25)
ERROR: [HLS 207-3325] use of overloaded operator '/' is ambiguous (with operand types 'double' and 'LstmStateType' (aka 'ap_fixed<14, 6>')) (lstm_hls_project/src_files/lstm_kernel.cpp:77:42)
INFO: [HLS 207-4372] candidate function [with _AP_W = 14, _AP_I = 6, _AP_S = true, _AP_Q = AP_TRN, _AP_O = AP_WRAP, _AP_N = 0] (/tools/Xilinx/Vitis_HLS/2023.2/common/technology/autopilot/etc/ap_fixed_base.h:2372:2997)
INFO: [HLS 207-4372] candidate function [with _AP_W = 14, _AP_I = 6, _AP_S = true, _AP_Q = AP_TRN, _AP_O = AP_WRAP, _AP_N = 0] (/tools/Xilinx/Vitis_HLS/2023.2/common/technology/autopilot/etc/ap_fixed_base.h:2373:3132)
INFO: [HLS 207-4372] candidate function [with _AP_W = 14, _AP_I = 6, _AP_S = true, _AP_Q = AP_TRN, _AP_O = AP_WRAP, _AP_N = 0] (/tools/Xilinx/Vitis_HLS/2023.2/common/technology/autopilot/etc/ap_fixed_base.h:2374:3031)
INFO: [HLS 207-4372] candidate function [with _AP_W = 14, _AP_I = 6, _AP_S = true, _AP_Q = AP_TRN, _AP_O = AP_WRAP, _AP_N = 0] (/tools/Xilinx/Vitis_HLS/2023.2/common/technology/autopilot/etc/ap_fixed_base.h:2375:3060)
INFO: [HLS 207-4372] candidate function [with _AP_W = 14, _AP_I = 6, _AP_S = true, _AP_Q = AP_TRN, _AP_O = AP_WRAP, _AP_N = 0] (/tools/Xilinx/Vitis_HLS/2023.2/common/technology/autopilot/etc/ap_fixed_base.h:2376:3379)
INFO: [HLS 207-4372] candidate function [with _AP_W = 14, _AP_I = 6, _AP_S = true, _AP_Q = AP_TRN, _AP_O = AP_WRAP, _AP_N = 0] (/tools/Xilinx/Vitis_HLS/2023.2/common/technology/autopilot/etc/ap_fixed_base.h:2377:3457)
INFO: [HLS 207-4372] candidate function [with _AP_W = 14, _AP_I = 6, _AP_S = true, _AP_Q = AP_TRN, _AP_O = AP_WRAP, _AP_N = 0] (/tools/Xilinx/Vitis_HLS/2023.2/common/technology/autopilot/etc/ap_fixed_base.h:2378:3305)
INFO: [HLS 207-4372] candidate function [with _AP_W = 14, _AP_I = 6, _AP_S = true, _AP_Q = AP_TRN, _AP_O = AP_WRAP, _AP_N = 0] (/tools/Xilinx/Vitis_HLS/2023.2/common/technology/autopilot/etc/ap_fixed_base.h:2379:3383)
INFO: [HLS 207-4372] candidate function [with _AP_W = 14, _AP_I = 6, _AP_S = true, _AP_Q = AP_TRN, _AP_O = AP_WRAP, _AP_N = 0] (/tools/Xilinx/Vitis_HLS/2023.2/common/technology/autopilot/etc/ap_fixed_base.h:2380:3342)
INFO: [HLS 207-4372] candidate function [with _AP_W = 14, _AP_I = 6, _AP_S = true, _AP_Q = AP_TRN, _AP_O = AP_WRAP, _AP_N = 0] (/tools/Xilinx/Vitis_HLS/2023.2/common/technology/autopilot/etc/ap_fixed_base.h:2381:3420)
INFO: [HLS 207-4372] candidate function [with _AP_W = 14, _AP_I = 6, _AP_S = true, _AP_Q = AP_TRN, _AP_O = AP_WRAP, _AP_N = 0] (/tools/Xilinx/Vitis_HLS/2023.2/common/technology/autopilot/etc/ap_fixed_base.h:2382:3490)
INFO: [HLS 207-4372] candidate function [with _AP_W = 14, _AP_I = 6, _AP_S = true, _AP_Q = AP_TRN, _AP_O = AP_WRAP, _AP_N = 0] (/tools/Xilinx/Vitis_HLS/2023.2/common/technology/autopilot/etc/ap_fixed_base.h:2383:3505)
INFO: [HLS 207-4370] built-in candidate operator/(double, float) (lstm_hls_project/src_files/lstm_kernel.cpp:77:42)
INFO: [HLS 207-4370] built-in candidate operator/(double, double) (lstm_hls_project/src_files/lstm_kernel.cpp:77:42)
INFO: [HLS 207-4370] built-in candidate operator/(double, long double) (lstm_hls_project/src_files/lstm_kernel.cpp:77:42)
INFO: [HLS 207-4370] built-in candidate operator/(double, __float128) (lstm_hls_project/src_files/lstm_kernel.cpp:77:42)
INFO: [HLS 207-4370] built-in candidate operator/(double, int) (lstm_hls_project/src_files/lstm_kernel.cpp:77:42)
INFO: [HLS 207-4370] built-in candidate operator/(double, long) (lstm_hls_project/src_files/lstm_kernel.cpp:77:42)
INFO: [HLS 207-4370] built-in candidate operator/(double, long long) (lstm_hls_project/src_files/lstm_kernel.cpp:77:42)
INFO: [HLS 207-4370] built-in candidate operator/(double, __int128) (lstm_hls_project/src_files/lstm_kernel.cpp:77:42)
INFO: [HLS 207-4370] built-in candidate operator/(double, unsigned int) (lstm_hls_project/src_files/lstm_kernel.cpp:77:42)
INFO: [HLS 207-4370] built-in candidate operator/(double, unsigned long) (lstm_hls_project/src_files/lstm_kernel.cpp:77:42)
INFO: [HLS 207-4370] built-in candidate operator/(double, unsigned long long) (lstm_hls_project/src_files/lstm_kernel.cpp:77:42)
INFO: [HLS 207-4370] built-in candidate operator/(double, unsigned __int128) (lstm_hls_project/src_files/lstm_kernel.cpp:77:42)
INFO: [HLS 207-4370] built-in candidate operator/(float, float) (lstm_hls_project/src_files/lstm_kernel.cpp:77:42)
INFO: [HLS 207-4370] built-in candidate operator/(float, double) (lstm_hls_project/src_files/lstm_kernel.cpp:77:42)
INFO: [HLS 207-4370] built-in candidate operator/(float, long double) (lstm_hls_project/src_files/lstm_kernel.cpp:77:42)
INFO: [HLS 207-4370] built-in candidate operator/(float, __float128) (lstm_hls_project/src_files/lstm_kernel.cpp:77:42)
INFO: [HLS 207-4370] built-in candidate operator/(float, int) (lstm_hls_project/src_files/lstm_kernel.cpp:77:42)
INFO: [HLS 207-4370] built-in candidate operator/(float, long) (lstm_hls_project/src_files/lstm_kernel.cpp:77:42)
INFO: [HLS 207-4370] built-in candidate operator/(float, long long) (lstm_hls_project/src_files/lstm_kernel.cpp:77:42)
INFO: [HLS 207-4370] built-in candidate operator/(float, __int128) (lstm_hls_project/src_files/lstm_kernel.cpp:77:42)
INFO: [HLS 207-4370] built-in candidate operator/(float, unsigned int) (lstm_hls_project/src_files/lstm_kernel.cpp:77:42)
INFO: [HLS 207-4370] built-in candidate operator/(float, unsigned long) (lstm_hls_project/src_files/lstm_kernel.cpp:77:42)
INFO: [HLS 207-4370] built-in candidate operator/(float, unsigned long long) (lstm_hls_project/src_files/lstm_kernel.cpp:77:42)
INFO: [HLS 207-4370] built-in candidate operator/(float, unsigned __int128) (lstm_hls_project/src_files/lstm_kernel.cpp:77:42)
INFO: [HLS 207-4370] built-in candidate operator/(long double, float) (lstm_hls_project/src_files/lstm_kernel.cpp:77:42)
INFO: [HLS 207-4370] built-in candidate operator/(long double, double) (lstm_hls_project/src_files/lstm_kernel.cpp:77:42)
INFO: [HLS 207-4370] built-in candidate operator/(long double, long double) (lstm_hls_project/src_files/lstm_kernel.cpp:77:42)
INFO: [HLS 207-4370] built-in candidate operator/(long double, __float128) (lstm_hls_project/src_files/lstm_kernel.cpp:77:42)
INFO: [HLS 207-4370] built-in candidate operator/(long double, int) (lstm_hls_project/src_files/lstm_kernel.cpp:77:42)
INFO: [HLS 207-4370] built-in candidate operator/(long double, long) (lstm_hls_project/src_files/lstm_kernel.cpp:77:42)
INFO: [HLS 207-4370] built-in candidate operator/(long double, long long) (lstm_hls_project/src_files/lstm_kernel.cpp:77:42)
INFO: [HLS 207-4370] built-in candidate operator/(long double, __int128) (lstm_hls_project/src_files/lstm_kernel.cpp:77:42)
INFO: [HLS 207-4370] built-in candidate operator/(long double, unsigned int) (lstm_hls_project/src_files/lstm_kernel.cpp:77:42)
INFO: [HLS 207-4370] built-in candidate operator/(long double, unsigned long) (lstm_hls_project/src_files/lstm_kernel.cpp:77:42)
INFO: [HLS 207-4370] built-in candidate operator/(long double, unsigned long long) (lstm_hls_project/src_files/lstm_kernel.cpp:77:42)
INFO: [HLS 207-4370] built-in candidate operator/(long double, unsigned __int128) (lstm_hls_project/src_files/lstm_kernel.cpp:77:42)
INFO: [HLS 207-4370] built-in candidate operator/(__float128, float) (lstm_hls_project/src_files/lstm_kernel.cpp:77:42)
INFO: [HLS 207-4370] built-in candidate operator/(__float128, double) (lstm_hls_project/src_files/lstm_kernel.cpp:77:42)
INFO: [HLS 207-4370] built-in candidate operator/(__float128, long double) (lstm_hls_project/src_files/lstm_kernel.cpp:77:42)
INFO: [HLS 207-4370] built-in candidate operator/(__float128, __float128) (lstm_hls_project/src_files/lstm_kernel.cpp:77:42)
INFO: [HLS 207-4370] built-in candidate operator/(__float128, int) (lstm_hls_project/src_files/lstm_kernel.cpp:77:42)
INFO: [HLS 207-4370] built-in candidate operator/(__float128, long) (lstm_hls_project/src_files/lstm_kernel.cpp:77:42)
INFO: [HLS 207-4370] built-in candidate operator/(__float128, long long) (lstm_hls_project/src_files/lstm_kernel.cpp:77:42)
INFO: [HLS 207-4370] built-in candidate operator/(__float128, __int128) (lstm_hls_project/src_files/lstm_kernel.cpp:77:42)
INFO: [HLS 207-4370] built-in candidate operator/(__float128, unsigned int) (lstm_hls_project/src_files/lstm_kernel.cpp:77:42)
INFO: [HLS 207-4370] built-in candidate operator/(__float128, unsigned long) (lstm_hls_project/src_files/lstm_kernel.cpp:77:42)
INFO: [HLS 207-4370] built-in candidate operator/(__float128, unsigned long long) (lstm_hls_project/src_files/lstm_kernel.cpp:77:42)
INFO: [HLS 207-4370] built-in candidate operator/(__float128, unsigned __int128) (lstm_hls_project/src_files/lstm_kernel.cpp:77:42)
INFO: [HLS 207-4370] built-in candidate operator/(int, float) (lstm_hls_project/src_files/lstm_kernel.cpp:77:42)
INFO: [HLS 207-4370] built-in candidate operator/(int, double) (lstm_hls_project/src_files/lstm_kernel.cpp:77:42)
INFO: [HLS 207-4370] built-in candidate operator/(int, long double) (lstm_hls_project/src_files/lstm_kernel.cpp:77:42)
INFO: [HLS 207-4370] built-in candidate operator/(int, __float128) (lstm_hls_project/src_files/lstm_kernel.cpp:77:42)
INFO: [HLS 207-4370] built-in candidate operator/(int, int) (lstm_hls_project/src_files/lstm_kernel.cpp:77:42)
INFO: [HLS 207-4370] built-in candidate operator/(int, long) (lstm_hls_project/src_files/lstm_kernel.cpp:77:42)
INFO: [HLS 207-4370] built-in candidate operator/(int, long long) (lstm_hls_project/src_files/lstm_kernel.cpp:77:42)
INFO: [HLS 207-4370] built-in candidate operator/(int, __int128) (lstm_hls_project/src_files/lstm_kernel.cpp:77:42)
INFO: [HLS 207-4370] built-in candidate operator/(int, unsigned int) (lstm_hls_project/src_files/lstm_kernel.cpp:77:42)
INFO: [HLS 207-4370] built-in candidate operator/(int, unsigned long) (lstm_hls_project/src_files/lstm_kernel.cpp:77:42)
INFO: [HLS 207-4370] built-in candidate operator/(int, unsigned long long) (lstm_hls_project/src_files/lstm_kernel.cpp:77:42)
INFO: [HLS 207-4370] built-in candidate operator/(int, unsigned __int128) (lstm_hls_project/src_files/lstm_kernel.cpp:77:42)
INFO: [HLS 207-4370] built-in candidate operator/(long, float) (lstm_hls_project/src_files/lstm_kernel.cpp:77:42)
INFO: [HLS 207-4370] built-in candidate operator/(long, double) (lstm_hls_project/src_files/lstm_kernel.cpp:77:42)
INFO: [HLS 207-4370] built-in candidate operator/(long, long double) (lstm_hls_project/src_files/lstm_kernel.cpp:77:42)
INFO: [HLS 207-4370] built-in candidate operator/(long, __float128) (lstm_hls_project/src_files/lstm_kernel.cpp:77:42)
INFO: [HLS 207-4370] built-in candidate operator/(long, int) (lstm_hls_project/src_files/lstm_kernel.cpp:77:42)
INFO: [HLS 207-4370] built-in candidate operator/(long, long) (lstm_hls_project/src_files/lstm_kernel.cpp:77:42)
INFO: [HLS 207-4370] built-in candidate operator/(long, long long) (lstm_hls_project/src_files/lstm_kernel.cpp:77:42)
INFO: [HLS 207-4370] built-in candidate operator/(long, __int128) (lstm_hls_project/src_files/lstm_kernel.cpp:77:42)
INFO: [HLS 207-4370] built-in candidate operator/(long, unsigned int) (lstm_hls_project/src_files/lstm_kernel.cpp:77:42)
INFO: [HLS 207-4370] built-in candidate operator/(long, unsigned long) (lstm_hls_project/src_files/lstm_kernel.cpp:77:42)
INFO: [HLS 207-4370] built-in candidate operator/(long, unsigned long long) (lstm_hls_project/src_files/lstm_kernel.cpp:77:42)
INFO: [HLS 207-4370] built-in candidate operator/(long, unsigned __int128) (lstm_hls_project/src_files/lstm_kernel.cpp:77:42)
INFO: [HLS 207-4370] built-in candidate operator/(long long, float) (lstm_hls_project/src_files/lstm_kernel.cpp:77:42)
INFO: [HLS 207-4370] built-in candidate operator/(long long, double) (lstm_hls_project/src_files/lstm_kernel.cpp:77:42)
INFO: [HLS 207-4370] built-in candidate operator/(long long, long double) (lstm_hls_project/src_files/lstm_kernel.cpp:77:42)
INFO: [HLS 207-4370] built-in candidate operator/(long long, __float128) (lstm_hls_project/src_files/lstm_kernel.cpp:77:42)
INFO: [HLS 207-4370] built-in candidate operator/(long long, int) (lstm_hls_project/src_files/lstm_kernel.cpp:77:42)
INFO: [HLS 207-4370] built-in candidate operator/(long long, long) (lstm_hls_project/src_files/lstm_kernel.cpp:77:42)
INFO: [HLS 207-4370] built-in candidate operator/(long long, long long) (lstm_hls_project/src_files/lstm_kernel.cpp:77:42)
INFO: [HLS 207-4370] built-in candidate operator/(long long, __int128) (lstm_hls_project/src_files/lstm_kernel.cpp:77:42)
INFO: [HLS 207-4370] built-in candidate operator/(long long, unsigned int) (lstm_hls_project/src_files/lstm_kernel.cpp:77:42)
INFO: [HLS 207-4370] built-in candidate operator/(long long, unsigned long) (lstm_hls_project/src_files/lstm_kernel.cpp:77:42)
INFO: [HLS 207-4370] built-in candidate operator/(long long, unsigned long long) (lstm_hls_project/src_files/lstm_kernel.cpp:77:42)
INFO: [HLS 207-4370] built-in candidate operator/(long long, unsigned __int128) (lstm_hls_project/src_files/lstm_kernel.cpp:77:42)
INFO: [HLS 207-4370] built-in candidate operator/(__int128, float) (lstm_hls_project/src_files/lstm_kernel.cpp:77:42)
INFO: [HLS 207-4370] built-in candidate operator/(__int128, double) (lstm_hls_project/src_files/lstm_kernel.cpp:77:42)
INFO: [HLS 207-4370] built-in candidate operator/(__int128, long double) (lstm_hls_project/src_files/lstm_kernel.cpp:77:42)
INFO: [HLS 207-4370] built-in candidate operator/(__int128, __float128) (lstm_hls_project/src_files/lstm_kernel.cpp:77:42)
INFO: [HLS 207-4370] built-in candidate operator/(__int128, int) (lstm_hls_project/src_files/lstm_kernel.cpp:77:42)
INFO: [HLS 207-4370] built-in candidate operator/(__int128, long) (lstm_hls_project/src_files/lstm_kernel.cpp:77:42)
INFO: [HLS 207-4370] built-in candidate operator/(__int128, long long) (lstm_hls_project/src_files/lstm_kernel.cpp:77:42)
INFO: [HLS 207-4370] built-in candidate operator/(__int128, __int128) (lstm_hls_project/src_files/lstm_kernel.cpp:77:42)
INFO: [HLS 207-4370] built-in candidate operator/(__int128, unsigned int) (lstm_hls_project/src_files/lstm_kernel.cpp:77:42)
INFO: [HLS 207-4370] built-in candidate operator/(__int128, unsigned long) (lstm_hls_project/src_files/lstm_kernel.cpp:77:42)
INFO: [HLS 207-4370] built-in candidate operator/(__int128, unsigned long long) (lstm_hls_project/src_files/lstm_kernel.cpp:77:42)
INFO: [HLS 207-4370] built-in candidate operator/(__int128, unsigned __int128) (lstm_hls_project/src_files/lstm_kernel.cpp:77:42)
INFO: [HLS 207-4370] built-in candidate operator/(unsigned int, float) (lstm_hls_project/src_files/lstm_kernel.cpp:77:42)
INFO: [HLS 207-4370] built-in candidate operator/(unsigned int, double) (lstm_hls_project/src_files/lstm_kernel.cpp:77:42)
INFO: [HLS 207-4370] built-in candidate operator/(unsigned int, long double) (lstm_hls_project/src_files/lstm_kernel.cpp:77:42)
INFO: [HLS 207-4370] built-in candidate operator/(unsigned int, __float128) (lstm_hls_project/src_files/lstm_kernel.cpp:77:42)
INFO: [HLS 207-4370] built-in candidate operator/(unsigned int, int) (lstm_hls_project/src_files/lstm_kernel.cpp:77:42)
INFO: [HLS 207-4370] built-in candidate operator/(unsigned int, long) (lstm_hls_project/src_files/lstm_kernel.cpp:77:42)
INFO: [HLS 207-4370] built-in candidate operator/(unsigned int, long long) (lstm_hls_project/src_files/lstm_kernel.cpp:77:42)
INFO: [HLS 207-4370] built-in candidate operator/(unsigned int, __int128) (lstm_hls_project/src_files/lstm_kernel.cpp:77:42)
INFO: [HLS 207-4370] built-in candidate operator/(unsigned int, unsigned int) (lstm_hls_project/src_files/lstm_kernel.cpp:77:42)
INFO: [HLS 207-4370] built-in candidate operator/(unsigned int, unsigned long) (lstm_hls_project/src_files/lstm_kernel.cpp:77:42)
INFO: [HLS 207-4370] built-in candidate operator/(unsigned int, unsigned long long) (lstm_hls_project/src_files/lstm_kernel.cpp:77:42)
INFO: [HLS 207-4370] built-in candidate operator/(unsigned int, unsigned __int128) (lstm_hls_project/src_files/lstm_kernel.cpp:77:42)
INFO: [HLS 207-4370] built-in candidate operator/(unsigned long, float) (lstm_hls_project/src_files/lstm_kernel.cpp:77:42)
INFO: [HLS 207-4370] built-in candidate operator/(unsigned long, double) (lstm_hls_project/src_files/lstm_kernel.cpp:77:42)
INFO: [HLS 207-4370] built-in candidate operator/(unsigned long, long double) (lstm_hls_project/src_files/lstm_kernel.cpp:77:42)
INFO: [HLS 207-4370] built-in candidate operator/(unsigned long, __float128) (lstm_hls_project/src_files/lstm_kernel.cpp:77:42)
INFO: [HLS 207-4370] built-in candidate operator/(unsigned long, int) (lstm_hls_project/src_files/lstm_kernel.cpp:77:42)
INFO: [HLS 207-4370] built-in candidate operator/(unsigned long, long) (lstm_hls_project/src_files/lstm_kernel.cpp:77:42)
INFO: [HLS 207-4370] built-in candidate operator/(unsigned long, long long) (lstm_hls_project/src_files/lstm_kernel.cpp:77:42)
INFO: [HLS 207-4370] built-in candidate operator/(unsigned long, __int128) (lstm_hls_project/src_files/lstm_kernel.cpp:77:42)
INFO: [HLS 207-4370] built-in candidate operator/(unsigned long, unsigned int) (lstm_hls_project/src_files/lstm_kernel.cpp:77:42)
INFO: [HLS 207-4370] built-in candidate operator/(unsigned long, unsigned long) (lstm_hls_project/src_files/lstm_kernel.cpp:77:42)
INFO: [HLS 207-4370] built-in candidate operator/(unsigned long, unsigned long long) (lstm_hls_project/src_files/lstm_kernel.cpp:77:42)
INFO: [HLS 207-4370] built-in candidate operator/(unsigned long, unsigned __int128) (lstm_hls_project/src_files/lstm_kernel.cpp:77:42)
INFO: [HLS 207-4370] built-in candidate operator/(unsigned long long, float) (lstm_hls_project/src_files/lstm_kernel.cpp:77:42)
INFO: [HLS 207-4370] built-in candidate operator/(unsigned long long, double) (lstm_hls_project/src_files/lstm_kernel.cpp:77:42)
INFO: [HLS 207-4370] built-in candidate operator/(unsigned long long, long double) (lstm_hls_project/src_files/lstm_kernel.cpp:77:42)
INFO: [HLS 207-4370] built-in candidate operator/(unsigned long long, __float128) (lstm_hls_project/src_files/lstm_kernel.cpp:77:42)
INFO: [HLS 207-4370] built-in candidate operator/(unsigned long long, int) (lstm_hls_project/src_files/lstm_kernel.cpp:77:42)
INFO: [HLS 207-4370] built-in candidate operator/(unsigned long long, long) (lstm_hls_project/src_files/lstm_kernel.cpp:77:42)
INFO: [HLS 207-4370] built-in candidate operator/(unsigned long long, long long) (lstm_hls_project/src_files/lstm_kernel.cpp:77:42)
INFO: [HLS 207-4370] built-in candidate operator/(unsigned long long, __int128) (lstm_hls_project/src_files/lstm_kernel.cpp:77:42)
INFO: [HLS 207-4370] built-in candidate operator/(unsigned long long, unsigned int) (lstm_hls_project/src_files/lstm_kernel.cpp:77:42)
INFO: [HLS 207-4370] built-in candidate operator/(unsigned long long, unsigned long) (lstm_hls_project/src_files/lstm_kernel.cpp:77:42)
INFO: [HLS 207-4370] built-in candidate operator/(unsigned long long, unsigned long long) (lstm_hls_project/src_files/lstm_kernel.cpp:77:42)
INFO: [HLS 207-4370] built-in candidate operator/(unsigned long long, unsigned __int128) (lstm_hls_project/src_files/lstm_kernel.cpp:77:42)
INFO: [HLS 207-4370] built-in candidate operator/(unsigned __int128, float) (lstm_hls_project/src_files/lstm_kernel.cpp:77:42)
INFO: [HLS 207-4370] built-in candidate operator/(unsigned __int128, double) (lstm_hls_project/src_files/lstm_kernel.cpp:77:42)
INFO: [HLS 207-4370] built-in candidate operator/(unsigned __int128, long double) (lstm_hls_project/src_files/lstm_kernel.cpp:77:42)
INFO: [HLS 207-4370] built-in candidate operator/(unsigned __int128, __float128) (lstm_hls_project/src_files/lstm_kernel.cpp:77:42)
INFO: [HLS 207-4370] built-in candidate operator/(unsigned __int128, int) (lstm_hls_project/src_files/lstm_kernel.cpp:77:42)
INFO: [HLS 207-4370] built-in candidate operator/(unsigned __int128, long) (lstm_hls_project/src_files/lstm_kernel.cpp:77:42)
INFO: [HLS 207-4370] built-in candidate operator/(unsigned __int128, long long) (lstm_hls_project/src_files/lstm_kernel.cpp:77:42)
INFO: [HLS 207-4370] built-in candidate operator/(unsigned __int128, __int128) (lstm_hls_project/src_files/lstm_kernel.cpp:77:42)
INFO: [HLS 207-4370] built-in candidate operator/(unsigned __int128, unsigned int) (lstm_hls_project/src_files/lstm_kernel.cpp:77:42)
INFO: [HLS 207-4370] built-in candidate operator/(unsigned __int128, unsigned long) (lstm_hls_project/src_files/lstm_kernel.cpp:77:42)
INFO: [HLS 207-4370] built-in candidate operator/(unsigned __int128, unsigned long long) (lstm_hls_project/src_files/lstm_kernel.cpp:77:42)
INFO: [HLS 207-4370] built-in candidate operator/(unsigned __int128, unsigned __int128) (lstm_hls_project/src_files/lstm_kernel.cpp:77:42)
ERROR: [HLS 207-3325] use of overloaded operator '/' is ambiguous (with operand types 'double' and 'LstmStateType' (aka 'ap_fixed<14, 6>')) (lstm_hls_project/src_files/lstm_kernel.cpp:78:48)
INFO: [HLS 207-4370] built-in candidate operator/(double, float) (lstm_hls_project/src_files/lstm_kernel.cpp:78:48)
INFO: [HLS 207-4370] built-in candidate operator/(double, double) (lstm_hls_project/src_files/lstm_kernel.cpp:78:48)
INFO: [HLS 207-4370] built-in candidate operator/(double, long double) (lstm_hls_project/src_files/lstm_kernel.cpp:78:48)
INFO: [HLS 207-4370] built-in candidate operator/(double, __float128) (lstm_hls_project/src_files/lstm_kernel.cpp:78:48)
INFO: [HLS 207-4370] built-in candidate operator/(double, int) (lstm_hls_project/src_files/lstm_kernel.cpp:78:48)
INFO: [HLS 207-4370] built-in candidate operator/(double, long) (lstm_hls_project/src_files/lstm_kernel.cpp:78:48)
INFO: [HLS 207-4370] built-in candidate operator/(double, long long) (lstm_hls_project/src_files/lstm_kernel.cpp:78:48)
INFO: [HLS 207-4370] built-in candidate operator/(double, __int128) (lstm_hls_project/src_files/lstm_kernel.cpp:78:48)
INFO: [HLS 207-4370] built-in candidate operator/(double, unsigned int) (lstm_hls_project/src_files/lstm_kernel.cpp:78:48)
INFO: [HLS 207-4370] built-in candidate operator/(double, unsigned long) (lstm_hls_project/src_files/lstm_kernel.cpp:78:48)
INFO: [HLS 207-4370] built-in candidate operator/(double, unsigned long long) (lstm_hls_project/src_files/lstm_kernel.cpp:78:48)
INFO: [HLS 207-4370] built-in candidate operator/(double, unsigned __int128) (lstm_hls_project/src_files/lstm_kernel.cpp:78:48)
INFO: [HLS 207-4370] built-in candidate operator/(float, float) (lstm_hls_project/src_files/lstm_kernel.cpp:78:48)
INFO: [HLS 207-4370] built-in candidate operator/(float, double) (lstm_hls_project/src_files/lstm_kernel.cpp:78:48)
INFO: [HLS 207-4370] built-in candidate operator/(float, long double) (lstm_hls_project/src_files/lstm_kernel.cpp:78:48)
INFO: [HLS 207-4370] built-in candidate operator/(float, __float128) (lstm_hls_project/src_files/lstm_kernel.cpp:78:48)
INFO: [HLS 207-4370] built-in candidate operator/(float, int) (lstm_hls_project/src_files/lstm_kernel.cpp:78:48)
INFO: [HLS 207-4370] built-in candidate operator/(float, long) (lstm_hls_project/src_files/lstm_kernel.cpp:78:48)
INFO: [HLS 207-4370] built-in candidate operator/(float, long long) (lstm_hls_project/src_files/lstm_kernel.cpp:78:48)
INFO: [HLS 207-4370] built-in candidate operator/(float, __int128) (lstm_hls_project/src_files/lstm_kernel.cpp:78:48)
INFO: [HLS 207-4370] built-in candidate operator/(float, unsigned int) (lstm_hls_project/src_files/lstm_kernel.cpp:78:48)
INFO: [HLS 207-4370] built-in candidate operator/(float, unsigned long) (lstm_hls_project/src_files/lstm_kernel.cpp:78:48)
INFO: [HLS 207-4370] built-in candidate operator/(float, unsigned long long) (lstm_hls_project/src_files/lstm_kernel.cpp:78:48)
INFO: [HLS 207-4370] built-in candidate operator/(float, unsigned __int128) (lstm_hls_project/src_files/lstm_kernel.cpp:78:48)
INFO: [HLS 207-4370] built-in candidate operator/(long double, float) (lstm_hls_project/src_files/lstm_kernel.cpp:78:48)
INFO: [HLS 207-4370] built-in candidate operator/(long double, double) (lstm_hls_project/src_files/lstm_kernel.cpp:78:48)
INFO: [HLS 207-4370] built-in candidate operator/(long double, long double) (lstm_hls_project/src_files/lstm_kernel.cpp:78:48)
INFO: [HLS 207-4370] built-in candidate operator/(long double, __float128) (lstm_hls_project/src_files/lstm_kernel.cpp:78:48)
INFO: [HLS 207-4370] built-in candidate operator/(long double, int) (lstm_hls_project/src_files/lstm_kernel.cpp:78:48)
INFO: [HLS 207-4370] built-in candidate operator/(long double, long) (lstm_hls_project/src_files/lstm_kernel.cpp:78:48)
INFO: [HLS 207-4370] built-in candidate operator/(long double, long long) (lstm_hls_project/src_files/lstm_kernel.cpp:78:48)
INFO: [HLS 207-4370] built-in candidate operator/(long double, __int128) (lstm_hls_project/src_files/lstm_kernel.cpp:78:48)
INFO: [HLS 207-4370] built-in candidate operator/(long double, unsigned int) (lstm_hls_project/src_files/lstm_kernel.cpp:78:48)
INFO: [HLS 207-4370] built-in candidate operator/(long double, unsigned long) (lstm_hls_project/src_files/lstm_kernel.cpp:78:48)
INFO: [HLS 207-4370] built-in candidate operator/(long double, unsigned long long) (lstm_hls_project/src_files/lstm_kernel.cpp:78:48)
INFO: [HLS 207-4370] built-in candidate operator/(long double, unsigned __int128) (lstm_hls_project/src_files/lstm_kernel.cpp:78:48)
INFO: [HLS 207-4370] built-in candidate operator/(__float128, float) (lstm_hls_project/src_files/lstm_kernel.cpp:78:48)
INFO: [HLS 207-4370] built-in candidate operator/(__float128, double) (lstm_hls_project/src_files/lstm_kernel.cpp:78:48)
INFO: [HLS 207-4370] built-in candidate operator/(__float128, long double) (lstm_hls_project/src_files/lstm_kernel.cpp:78:48)
INFO: [HLS 207-4370] built-in candidate operator/(__float128, __float128) (lstm_hls_project/src_files/lstm_kernel.cpp:78:48)
INFO: [HLS 207-4370] built-in candidate operator/(__float128, int) (lstm_hls_project/src_files/lstm_kernel.cpp:78:48)
INFO: [HLS 207-4370] built-in candidate operator/(__float128, long) (lstm_hls_project/src_files/lstm_kernel.cpp:78:48)
INFO: [HLS 207-4370] built-in candidate operator/(__float128, long long) (lstm_hls_project/src_files/lstm_kernel.cpp:78:48)
INFO: [HLS 207-4370] built-in candidate operator/(__float128, __int128) (lstm_hls_project/src_files/lstm_kernel.cpp:78:48)
INFO: [HLS 207-4370] built-in candidate operator/(__float128, unsigned int) (lstm_hls_project/src_files/lstm_kernel.cpp:78:48)
INFO: [HLS 207-4370] built-in candidate operator/(__float128, unsigned long) (lstm_hls_project/src_files/lstm_kernel.cpp:78:48)
INFO: [HLS 207-4370] built-in candidate operator/(__float128, unsigned long long) (lstm_hls_project/src_files/lstm_kernel.cpp:78:48)
INFO: [HLS 207-4370] built-in candidate operator/(__float128, unsigned __int128) (lstm_hls_project/src_files/lstm_kernel.cpp:78:48)
INFO: [HLS 207-4370] built-in candidate operator/(int, float) (lstm_hls_project/src_files/lstm_kernel.cpp:78:48)
INFO: [HLS 207-4370] built-in candidate operator/(int, double) (lstm_hls_project/src_files/lstm_kernel.cpp:78:48)
INFO: [HLS 207-4370] built-in candidate operator/(int, long double) (lstm_hls_project/src_files/lstm_kernel.cpp:78:48)
INFO: [HLS 207-4370] built-in candidate operator/(int, __float128) (lstm_hls_project/src_files/lstm_kernel.cpp:78:48)
INFO: [HLS 207-4370] built-in candidate operator/(int, int) (lstm_hls_project/src_files/lstm_kernel.cpp:78:48)
INFO: [HLS 207-4370] built-in candidate operator/(int, long) (lstm_hls_project/src_files/lstm_kernel.cpp:78:48)
INFO: [HLS 207-4370] built-in candidate operator/(int, long long) (lstm_hls_project/src_files/lstm_kernel.cpp:78:48)
INFO: [HLS 207-4370] built-in candidate operator/(int, __int128) (lstm_hls_project/src_files/lstm_kernel.cpp:78:48)
INFO: [HLS 207-4370] built-in candidate operator/(int, unsigned int) (lstm_hls_project/src_files/lstm_kernel.cpp:78:48)
INFO: [HLS 207-4370] built-in candidate operator/(int, unsigned long) (lstm_hls_project/src_files/lstm_kernel.cpp:78:48)
INFO: [HLS 207-4370] built-in candidate operator/(int, unsigned long long) (lstm_hls_project/src_files/lstm_kernel.cpp:78:48)
INFO: [HLS 207-4370] built-in candidate operator/(int, unsigned __int128) (lstm_hls_project/src_files/lstm_kernel.cpp:78:48)
INFO: [HLS 207-4370] built-in candidate operator/(long, float) (lstm_hls_project/src_files/lstm_kernel.cpp:78:48)
INFO: [HLS 207-4370] built-in candidate operator/(long, double) (lstm_hls_project/src_files/lstm_kernel.cpp:78:48)
INFO: [HLS 207-4370] built-in candidate operator/(long, long double) (lstm_hls_project/src_files/lstm_kernel.cpp:78:48)
INFO: [HLS 207-4370] built-in candidate operator/(long, __float128) (lstm_hls_project/src_files/lstm_kernel.cpp:78:48)
INFO: [HLS 207-4370] built-in candidate operator/(long, int) (lstm_hls_project/src_files/lstm_kernel.cpp:78:48)
INFO: [HLS 207-4370] built-in candidate operator/(long, long) (lstm_hls_project/src_files/lstm_kernel.cpp:78:48)
INFO: [HLS 207-4370] built-in candidate operator/(long, long long) (lstm_hls_project/src_files/lstm_kernel.cpp:78:48)
INFO: [HLS 207-4370] built-in candidate operator/(long, __int128) (lstm_hls_project/src_files/lstm_kernel.cpp:78:48)
INFO: [HLS 207-4370] built-in candidate operator/(long, unsigned int) (lstm_hls_project/src_files/lstm_kernel.cpp:78:48)
INFO: [HLS 207-4370] built-in candidate operator/(long, unsigned long) (lstm_hls_project/src_files/lstm_kernel.cpp:78:48)
INFO: [HLS 207-4370] built-in candidate operator/(long, unsigned long long) (lstm_hls_project/src_files/lstm_kernel.cpp:78:48)
INFO: [HLS 207-4370] built-in candidate operator/(long, unsigned __int128) (lstm_hls_project/src_files/lstm_kernel.cpp:78:48)
INFO: [HLS 207-4370] built-in candidate operator/(long long, float) (lstm_hls_project/src_files/lstm_kernel.cpp:78:48)
INFO: [HLS 207-4370] built-in candidate operator/(long long, double) (lstm_hls_project/src_files/lstm_kernel.cpp:78:48)
INFO: [HLS 207-4370] built-in candidate operator/(long long, long double) (lstm_hls_project/src_files/lstm_kernel.cpp:78:48)
INFO: [HLS 207-4370] built-in candidate operator/(long long, __float128) (lstm_hls_project/src_files/lstm_kernel.cpp:78:48)
INFO: [HLS 207-4370] built-in candidate operator/(long long, int) (lstm_hls_project/src_files/lstm_kernel.cpp:78:48)
INFO: [HLS 207-4370] built-in candidate operator/(long long, long) (lstm_hls_project/src_files/lstm_kernel.cpp:78:48)
INFO: [HLS 207-4370] built-in candidate operator/(long long, long long) (lstm_hls_project/src_files/lstm_kernel.cpp:78:48)
INFO: [HLS 207-4370] built-in candidate operator/(long long, __int128) (lstm_hls_project/src_files/lstm_kernel.cpp:78:48)
INFO: [HLS 207-4370] built-in candidate operator/(long long, unsigned int) (lstm_hls_project/src_files/lstm_kernel.cpp:78:48)
INFO: [HLS 207-4370] built-in candidate operator/(long long, unsigned long) (lstm_hls_project/src_files/lstm_kernel.cpp:78:48)
INFO: [HLS 207-4370] built-in candidate operator/(long long, unsigned long long) (lstm_hls_project/src_files/lstm_kernel.cpp:78:48)
INFO: [HLS 207-4370] built-in candidate operator/(long long, unsigned __int128) (lstm_hls_project/src_files/lstm_kernel.cpp:78:48)
INFO: [HLS 207-4370] built-in candidate operator/(__int128, float) (lstm_hls_project/src_files/lstm_kernel.cpp:78:48)
INFO: [HLS 207-4370] built-in candidate operator/(__int128, double) (lstm_hls_project/src_files/lstm_kernel.cpp:78:48)
INFO: [HLS 207-4370] built-in candidate operator/(__int128, long double) (lstm_hls_project/src_files/lstm_kernel.cpp:78:48)
INFO: [HLS 207-4370] built-in candidate operator/(__int128, __float128) (lstm_hls_project/src_files/lstm_kernel.cpp:78:48)
INFO: [HLS 207-4370] built-in candidate operator/(__int128, int) (lstm_hls_project/src_files/lstm_kernel.cpp:78:48)
INFO: [HLS 207-4370] built-in candidate operator/(__int128, long) (lstm_hls_project/src_files/lstm_kernel.cpp:78:48)
INFO: [HLS 207-4370] built-in candidate operator/(__int128, long long) (lstm_hls_project/src_files/lstm_kernel.cpp:78:48)
INFO: [HLS 207-4370] built-in candidate operator/(__int128, __int128) (lstm_hls_project/src_files/lstm_kernel.cpp:78:48)
INFO: [HLS 207-4370] built-in candidate operator/(__int128, unsigned int) (lstm_hls_project/src_files/lstm_kernel.cpp:78:48)
INFO: [HLS 207-4370] built-in candidate operator/(__int128, unsigned long) (lstm_hls_project/src_files/lstm_kernel.cpp:78:48)
INFO: [HLS 207-4370] built-in candidate operator/(__int128, unsigned long long) (lstm_hls_project/src_files/lstm_kernel.cpp:78:48)
INFO: [HLS 207-4370] built-in candidate operator/(__int128, unsigned __int128) (lstm_hls_project/src_files/lstm_kernel.cpp:78:48)
INFO: [HLS 207-4370] built-in candidate operator/(unsigned int, float) (lstm_hls_project/src_files/lstm_kernel.cpp:78:48)
INFO: [HLS 207-4370] built-in candidate operator/(unsigned int, double) (lstm_hls_project/src_files/lstm_kernel.cpp:78:48)
INFO: [HLS 207-4370] built-in candidate operator/(unsigned int, long double) (lstm_hls_project/src_files/lstm_kernel.cpp:78:48)
INFO: [HLS 207-4370] built-in candidate operator/(unsigned int, __float128) (lstm_hls_project/src_files/lstm_kernel.cpp:78:48)
INFO: [HLS 207-4370] built-in candidate operator/(unsigned int, int) (lstm_hls_project/src_files/lstm_kernel.cpp:78:48)
INFO: [HLS 207-4370] built-in candidate operator/(unsigned int, long) (lstm_hls_project/src_files/lstm_kernel.cpp:78:48)
INFO: [HLS 207-4370] built-in candidate operator/(unsigned int, long long) (lstm_hls_project/src_files/lstm_kernel.cpp:78:48)
INFO: [HLS 207-4370] built-in candidate operator/(unsigned int, __int128) (lstm_hls_project/src_files/lstm_kernel.cpp:78:48)
INFO: [HLS 207-4370] built-in candidate operator/(unsigned int, unsigned int) (lstm_hls_project/src_files/lstm_kernel.cpp:78:48)
INFO: [HLS 207-4370] built-in candidate operator/(unsigned int, unsigned long) (lstm_hls_project/src_files/lstm_kernel.cpp:78:48)
INFO: [HLS 207-4370] built-in candidate operator/(unsigned int, unsigned long long) (lstm_hls_project/src_files/lstm_kernel.cpp:78:48)
INFO: [HLS 207-4370] built-in candidate operator/(unsigned int, unsigned __int128) (lstm_hls_project/src_files/lstm_kernel.cpp:78:48)
INFO: [HLS 207-4370] built-in candidate operator/(unsigned long, float) (lstm_hls_project/src_files/lstm_kernel.cpp:78:48)
INFO: [HLS 207-4370] built-in candidate operator/(unsigned long, double) (lstm_hls_project/src_files/lstm_kernel.cpp:78:48)
INFO: [HLS 207-4370] built-in candidate operator/(unsigned long, long double) (lstm_hls_project/src_files/lstm_kernel.cpp:78:48)
INFO: [HLS 207-4370] built-in candidate operator/(unsigned long, __float128) (lstm_hls_project/src_files/lstm_kernel.cpp:78:48)
INFO: [HLS 207-4370] built-in candidate operator/(unsigned long, int) (lstm_hls_project/src_files/lstm_kernel.cpp:78:48)
INFO: [HLS 207-4370] built-in candidate operator/(unsigned long, long) (lstm_hls_project/src_files/lstm_kernel.cpp:78:48)
INFO: [HLS 207-4370] built-in candidate operator/(unsigned long, long long) (lstm_hls_project/src_files/lstm_kernel.cpp:78:48)
INFO: [HLS 207-4370] built-in candidate operator/(unsigned long, __int128) (lstm_hls_project/src_files/lstm_kernel.cpp:78:48)
INFO: [HLS 207-4370] built-in candidate operator/(unsigned long, unsigned int) (lstm_hls_project/src_files/lstm_kernel.cpp:78:48)
INFO: [HLS 207-4370] built-in candidate operator/(unsigned long, unsigned long) (lstm_hls_project/src_files/lstm_kernel.cpp:78:48)
INFO: [HLS 207-4370] built-in candidate operator/(unsigned long, unsigned long long) (lstm_hls_project/src_files/lstm_kernel.cpp:78:48)
INFO: [HLS 207-4370] built-in candidate operator/(unsigned long, unsigned __int128) (lstm_hls_project/src_files/lstm_kernel.cpp:78:48)
INFO: [HLS 207-4370] built-in candidate operator/(unsigned long long, float) (lstm_hls_project/src_files/lstm_kernel.cpp:78:48)
INFO: [HLS 207-4370] built-in candidate operator/(unsigned long long, double) (lstm_hls_project/src_files/lstm_kernel.cpp:78:48)
INFO: [HLS 207-4370] built-in candidate operator/(unsigned long long, long double) (lstm_hls_project/src_files/lstm_kernel.cpp:78:48)
INFO: [HLS 207-4370] built-in candidate operator/(unsigned long long, __float128) (lstm_hls_project/src_files/lstm_kernel.cpp:78:48)
INFO: [HLS 207-4370] built-in candidate operator/(unsigned long long, int) (lstm_hls_project/src_files/lstm_kernel.cpp:78:48)
INFO: [HLS 207-4370] built-in candidate operator/(unsigned long long, long) (lstm_hls_project/src_files/lstm_kernel.cpp:78:48)
INFO: [HLS 207-4370] built-in candidate operator/(unsigned long long, long long) (lstm_hls_project/src_files/lstm_kernel.cpp:78:48)
INFO: [HLS 207-4370] built-in candidate operator/(unsigned long long, __int128) (lstm_hls_project/src_files/lstm_kernel.cpp:78:48)
INFO: [HLS 207-4370] built-in candidate operator/(unsigned long long, unsigned int) (lstm_hls_project/src_files/lstm_kernel.cpp:78:48)
INFO: [HLS 207-4370] built-in candidate operator/(unsigned long long, unsigned long) (lstm_hls_project/src_files/lstm_kernel.cpp:78:48)
INFO: [HLS 207-4370] built-in candidate operator/(unsigned long long, unsigned long long) (lstm_hls_project/src_files/lstm_kernel.cpp:78:48)
INFO: [HLS 207-4370] built-in candidate operator/(unsigned long long, unsigned __int128) (lstm_hls_project/src_files/lstm_kernel.cpp:78:48)
INFO: [HLS 207-4370] built-in candidate operator/(unsigned __int128, float) (lstm_hls_project/src_files/lstm_kernel.cpp:78:48)
INFO: [HLS 207-4370] built-in candidate operator/(unsigned __int128, double) (lstm_hls_project/src_files/lstm_kernel.cpp:78:48)
INFO: [HLS 207-4370] built-in candidate operator/(unsigned __int128, long double) (lstm_hls_project/src_files/lstm_kernel.cpp:78:48)
INFO: [HLS 207-4370] built-in candidate operator/(unsigned __int128, __float128) (lstm_hls_project/src_files/lstm_kernel.cpp:78:48)
INFO: [HLS 207-4370] built-in candidate operator/(unsigned __int128, int) (lstm_hls_project/src_files/lstm_kernel.cpp:78:48)
INFO: [HLS 207-4370] built-in candidate operator/(unsigned __int128, long) (lstm_hls_project/src_files/lstm_kernel.cpp:78:48)
INFO: [HLS 207-4370] built-in candidate operator/(unsigned __int128, long long) (lstm_hls_project/src_files/lstm_kernel.cpp:78:48)
INFO: [HLS 207-4370] built-in candidate operator/(unsigned __int128, __int128) (lstm_hls_project/src_files/lstm_kernel.cpp:78:48)
INFO: [HLS 207-4370] built-in candidate operator/(unsigned __int128, unsigned int) (lstm_hls_project/src_files/lstm_kernel.cpp:78:48)
INFO: [HLS 207-4370] built-in candidate operator/(unsigned __int128, unsigned long) (lstm_hls_project/src_files/lstm_kernel.cpp:78:48)
INFO: [HLS 207-4370] built-in candidate operator/(unsigned __int128, unsigned long long) (lstm_hls_project/src_files/lstm_kernel.cpp:78:48)
INFO: [HLS 207-4370] built-in candidate operator/(unsigned __int128, unsigned __int128) (lstm_hls_project/src_files/lstm_kernel.cpp:78:48)
ERROR: [HLS 207-3325] use of overloaded operator '/' is ambiguous (with operand types 'double' and 'LstmStateType' (aka 'ap_fixed<14, 6>')) (lstm_hls_project/src_files/lstm_kernel.cpp:79:49)
INFO: [HLS 207-4370] built-in candidate operator/(double, float) (lstm_hls_project/src_files/lstm_kernel.cpp:79:49)
INFO: [HLS 207-4370] built-in candidate operator/(double, double) (lstm_hls_project/src_files/lstm_kernel.cpp:79:49)
INFO: [HLS 207-4370] built-in candidate operator/(double, long double) (lstm_hls_project/src_files/lstm_kernel.cpp:79:49)
INFO: [HLS 207-4370] built-in candidate operator/(double, __float128) (lstm_hls_project/src_files/lstm_kernel.cpp:79:49)
INFO: [HLS 207-4370] built-in candidate operator/(double, int) (lstm_hls_project/src_files/lstm_kernel.cpp:79:49)
INFO: [HLS 207-4370] built-in candidate operator/(double, long) (lstm_hls_project/src_files/lstm_kernel.cpp:79:49)
INFO: [HLS 207-4370] built-in candidate operator/(double, long long) (lstm_hls_project/src_files/lstm_kernel.cpp:79:49)
INFO: [HLS 207-4370] built-in candidate operator/(double, __int128) (lstm_hls_project/src_files/lstm_kernel.cpp:79:49)
INFO: [HLS 207-4370] built-in candidate operator/(double, unsigned int) (lstm_hls_project/src_files/lstm_kernel.cpp:79:49)
INFO: [HLS 207-4370] built-in candidate operator/(double, unsigned long) (lstm_hls_project/src_files/lstm_kernel.cpp:79:49)
INFO: [HLS 207-4370] built-in candidate operator/(double, unsigned long long) (lstm_hls_project/src_files/lstm_kernel.cpp:79:49)
INFO: [HLS 207-4370] built-in candidate operator/(double, unsigned __int128) (lstm_hls_project/src_files/lstm_kernel.cpp:79:49)
INFO: [HLS 207-4370] built-in candidate operator/(float, float) (lstm_hls_project/src_files/lstm_kernel.cpp:79:49)
INFO: [HLS 207-4370] built-in candidate operator/(float, double) (lstm_hls_project/src_files/lstm_kernel.cpp:79:49)
INFO: [HLS 207-4370] built-in candidate operator/(float, long double) (lstm_hls_project/src_files/lstm_kernel.cpp:79:49)
INFO: [HLS 207-4370] built-in candidate operator/(float, __float128) (lstm_hls_project/src_files/lstm_kernel.cpp:79:49)
INFO: [HLS 207-4370] built-in candidate operator/(float, int) (lstm_hls_project/src_files/lstm_kernel.cpp:79:49)
INFO: [HLS 207-4370] built-in candidate operator/(float, long) (lstm_hls_project/src_files/lstm_kernel.cpp:79:49)
INFO: [HLS 207-4370] built-in candidate operator/(float, long long) (lstm_hls_project/src_files/lstm_kernel.cpp:79:49)
INFO: [HLS 207-4370] built-in candidate operator/(float, __int128) (lstm_hls_project/src_files/lstm_kernel.cpp:79:49)
INFO: [HLS 207-4370] built-in candidate operator/(float, unsigned int) (lstm_hls_project/src_files/lstm_kernel.cpp:79:49)
INFO: [HLS 207-4370] built-in candidate operator/(float, unsigned long) (lstm_hls_project/src_files/lstm_kernel.cpp:79:49)
INFO: [HLS 207-4370] built-in candidate operator/(float, unsigned long long) (lstm_hls_project/src_files/lstm_kernel.cpp:79:49)
INFO: [HLS 207-4370] built-in candidate operator/(float, unsigned __int128) (lstm_hls_project/src_files/lstm_kernel.cpp:79:49)
INFO: [HLS 207-4370] built-in candidate operator/(long double, float) (lstm_hls_project/src_files/lstm_kernel.cpp:79:49)
INFO: [HLS 207-4370] built-in candidate operator/(long double, double) (lstm_hls_project/src_files/lstm_kernel.cpp:79:49)
INFO: [HLS 207-4370] built-in candidate operator/(long double, long double) (lstm_hls_project/src_files/lstm_kernel.cpp:79:49)
INFO: [HLS 207-4370] built-in candidate operator/(long double, __float128) (lstm_hls_project/src_files/lstm_kernel.cpp:79:49)
INFO: [HLS 207-4370] built-in candidate operator/(long double, int) (lstm_hls_project/src_files/lstm_kernel.cpp:79:49)
INFO: [HLS 207-4370] built-in candidate operator/(long double, long) (lstm_hls_project/src_files/lstm_kernel.cpp:79:49)
INFO: [HLS 207-4370] built-in candidate operator/(long double, long long) (lstm_hls_project/src_files/lstm_kernel.cpp:79:49)
INFO: [HLS 207-4370] built-in candidate operator/(long double, __int128) (lstm_hls_project/src_files/lstm_kernel.cpp:79:49)
INFO: [HLS 207-4370] built-in candidate operator/(long double, unsigned int) (lstm_hls_project/src_files/lstm_kernel.cpp:79:49)
INFO: [HLS 207-4370] built-in candidate operator/(long double, unsigned long) (lstm_hls_project/src_files/lstm_kernel.cpp:79:49)
INFO: [HLS 207-4370] built-in candidate operator/(long double, unsigned long long) (lstm_hls_project/src_files/lstm_kernel.cpp:79:49)
INFO: [HLS 207-4370] built-in candidate operator/(long double, unsigned __int128) (lstm_hls_project/src_files/lstm_kernel.cpp:79:49)
INFO: [HLS 207-4370] built-in candidate operator/(__float128, float) (lstm_hls_project/src_files/lstm_kernel.cpp:79:49)
INFO: [HLS 207-4370] built-in candidate operator/(__float128, double) (lstm_hls_project/src_files/lstm_kernel.cpp:79:49)
INFO: [HLS 207-4370] built-in candidate operator/(__float128, long double) (lstm_hls_project/src_files/lstm_kernel.cpp:79:49)
INFO: [HLS 207-4370] built-in candidate operator/(__float128, __float128) (lstm_hls_project/src_files/lstm_kernel.cpp:79:49)
INFO: [HLS 207-4370] built-in candidate operator/(__float128, int) (lstm_hls_project/src_files/lstm_kernel.cpp:79:49)
INFO: [HLS 207-4370] built-in candidate operator/(__float128, long) (lstm_hls_project/src_files/lstm_kernel.cpp:79:49)
INFO: [HLS 207-4370] built-in candidate operator/(__float128, long long) (lstm_hls_project/src_files/lstm_kernel.cpp:79:49)
INFO: [HLS 207-4370] built-in candidate operator/(__float128, __int128) (lstm_hls_project/src_files/lstm_kernel.cpp:79:49)
INFO: [HLS 207-4370] built-in candidate operator/(__float128, unsigned int) (lstm_hls_project/src_files/lstm_kernel.cpp:79:49)
INFO: [HLS 207-4370] built-in candidate operator/(__float128, unsigned long) (lstm_hls_project/src_files/lstm_kernel.cpp:79:49)
INFO: [HLS 207-4370] built-in candidate operator/(__float128, unsigned long long) (lstm_hls_project/src_files/lstm_kernel.cpp:79:49)
INFO: [HLS 207-4370] built-in candidate operator/(__float128, unsigned __int128) (lstm_hls_project/src_files/lstm_kernel.cpp:79:49)
INFO: [HLS 207-4370] built-in candidate operator/(int, float) (lstm_hls_project/src_files/lstm_kernel.cpp:79:49)
INFO: [HLS 207-4370] built-in candidate operator/(int, double) (lstm_hls_project/src_files/lstm_kernel.cpp:79:49)
INFO: [HLS 207-4370] built-in candidate operator/(int, long double) (lstm_hls_project/src_files/lstm_kernel.cpp:79:49)
INFO: [HLS 207-4370] built-in candidate operator/(int, __float128) (lstm_hls_project/src_files/lstm_kernel.cpp:79:49)
INFO: [HLS 207-4370] built-in candidate operator/(int, int) (lstm_hls_project/src_files/lstm_kernel.cpp:79:49)
INFO: [HLS 207-4370] built-in candidate operator/(int, long) (lstm_hls_project/src_files/lstm_kernel.cpp:79:49)
INFO: [HLS 207-4370] built-in candidate operator/(int, long long) (lstm_hls_project/src_files/lstm_kernel.cpp:79:49)
INFO: [HLS 207-4370] built-in candidate operator/(int, __int128) (lstm_hls_project/src_files/lstm_kernel.cpp:79:49)
INFO: [HLS 207-4370] built-in candidate operator/(int, unsigned int) (lstm_hls_project/src_files/lstm_kernel.cpp:79:49)
INFO: [HLS 207-4370] built-in candidate operator/(int, unsigned long) (lstm_hls_project/src_files/lstm_kernel.cpp:79:49)
INFO: [HLS 207-4370] built-in candidate operator/(int, unsigned long long) (lstm_hls_project/src_files/lstm_kernel.cpp:79:49)
INFO: [HLS 207-4370] built-in candidate operator/(int, unsigned __int128) (lstm_hls_project/src_files/lstm_kernel.cpp:79:49)
INFO: [HLS 207-4370] built-in candidate operator/(long, float) (lstm_hls_project/src_files/lstm_kernel.cpp:79:49)
INFO: [HLS 207-4370] built-in candidate operator/(long, double) (lstm_hls_project/src_files/lstm_kernel.cpp:79:49)
INFO: [HLS 207-4370] built-in candidate operator/(long, long double) (lstm_hls_project/src_files/lstm_kernel.cpp:79:49)
INFO: [HLS 207-4370] built-in candidate operator/(long, __float128) (lstm_hls_project/src_files/lstm_kernel.cpp:79:49)
INFO: [HLS 207-4370] built-in candidate operator/(long, int) (lstm_hls_project/src_files/lstm_kernel.cpp:79:49)
INFO: [HLS 207-4370] built-in candidate operator/(long, long) (lstm_hls_project/src_files/lstm_kernel.cpp:79:49)
INFO: [HLS 207-4370] built-in candidate operator/(long, long long) (lstm_hls_project/src_files/lstm_kernel.cpp:79:49)
INFO: [HLS 207-4370] built-in candidate operator/(long, __int128) (lstm_hls_project/src_files/lstm_kernel.cpp:79:49)
INFO: [HLS 207-4370] built-in candidate operator/(long, unsigned int) (lstm_hls_project/src_files/lstm_kernel.cpp:79:49)
INFO: [HLS 207-4370] built-in candidate operator/(long, unsigned long) (lstm_hls_project/src_files/lstm_kernel.cpp:79:49)
INFO: [HLS 207-4370] built-in candidate operator/(long, unsigned long long) (lstm_hls_project/src_files/lstm_kernel.cpp:79:49)
INFO: [HLS 207-4370] built-in candidate operator/(long, unsigned __int128) (lstm_hls_project/src_files/lstm_kernel.cpp:79:49)
INFO: [HLS 207-4370] built-in candidate operator/(long long, float) (lstm_hls_project/src_files/lstm_kernel.cpp:79:49)
INFO: [HLS 207-4370] built-in candidate operator/(long long, double) (lstm_hls_project/src_files/lstm_kernel.cpp:79:49)
INFO: [HLS 207-4370] built-in candidate operator/(long long, long double) (lstm_hls_project/src_files/lstm_kernel.cpp:79:49)
INFO: [HLS 207-4370] built-in candidate operator/(long long, __float128) (lstm_hls_project/src_files/lstm_kernel.cpp:79:49)
INFO: [HLS 207-4370] built-in candidate operator/(long long, int) (lstm_hls_project/src_files/lstm_kernel.cpp:79:49)
INFO: [HLS 207-4370] built-in candidate operator/(long long, long) (lstm_hls_project/src_files/lstm_kernel.cpp:79:49)
INFO: [HLS 207-4370] built-in candidate operator/(long long, long long) (lstm_hls_project/src_files/lstm_kernel.cpp:79:49)
INFO: [HLS 207-4370] built-in candidate operator/(long long, __int128) (lstm_hls_project/src_files/lstm_kernel.cpp:79:49)
INFO: [HLS 207-4370] built-in candidate operator/(long long, unsigned int) (lstm_hls_project/src_files/lstm_kernel.cpp:79:49)
INFO: [HLS 207-4370] built-in candidate operator/(long long, unsigned long) (lstm_hls_project/src_files/lstm_kernel.cpp:79:49)
INFO: [HLS 207-4370] built-in candidate operator/(long long, unsigned long long) (lstm_hls_project/src_files/lstm_kernel.cpp:79:49)
INFO: [HLS 207-4370] built-in candidate operator/(long long, unsigned __int128) (lstm_hls_project/src_files/lstm_kernel.cpp:79:49)
INFO: [HLS 207-4370] built-in candidate operator/(__int128, float) (lstm_hls_project/src_files/lstm_kernel.cpp:79:49)
INFO: [HLS 207-4370] built-in candidate operator/(__int128, double) (lstm_hls_project/src_files/lstm_kernel.cpp:79:49)
INFO: [HLS 207-4370] built-in candidate operator/(__int128, long double) (lstm_hls_project/src_files/lstm_kernel.cpp:79:49)
INFO: [HLS 207-4370] built-in candidate operator/(__int128, __float128) (lstm_hls_project/src_files/lstm_kernel.cpp:79:49)
INFO: [HLS 207-4370] built-in candidate operator/(__int128, int) (lstm_hls_project/src_files/lstm_kernel.cpp:79:49)
INFO: [HLS 207-4370] built-in candidate operator/(__int128, long) (lstm_hls_project/src_files/lstm_kernel.cpp:79:49)
INFO: [HLS 207-4370] built-in candidate operator/(__int128, long long) (lstm_hls_project/src_files/lstm_kernel.cpp:79:49)
INFO: [HLS 207-4370] built-in candidate operator/(__int128, __int128) (lstm_hls_project/src_files/lstm_kernel.cpp:79:49)
INFO: [HLS 207-4370] built-in candidate operator/(__int128, unsigned int) (lstm_hls_project/src_files/lstm_kernel.cpp:79:49)
INFO: [HLS 207-4370] built-in candidate operator/(__int128, unsigned long) (lstm_hls_project/src_files/lstm_kernel.cpp:79:49)
INFO: [HLS 207-4370] built-in candidate operator/(__int128, unsigned long long) (lstm_hls_project/src_files/lstm_kernel.cpp:79:49)
INFO: [HLS 207-4370] built-in candidate operator/(__int128, unsigned __int128) (lstm_hls_project/src_files/lstm_kernel.cpp:79:49)
INFO: [HLS 207-4370] built-in candidate operator/(unsigned int, float) (lstm_hls_project/src_files/lstm_kernel.cpp:79:49)
INFO: [HLS 207-4370] built-in candidate operator/(unsigned int, double) (lstm_hls_project/src_files/lstm_kernel.cpp:79:49)
INFO: [HLS 207-4370] built-in candidate operator/(unsigned int, long double) (lstm_hls_project/src_files/lstm_kernel.cpp:79:49)
INFO: [HLS 207-4370] built-in candidate operator/(unsigned int, __float128) (lstm_hls_project/src_files/lstm_kernel.cpp:79:49)
INFO: [HLS 207-4370] built-in candidate operator/(unsigned int, int) (lstm_hls_project/src_files/lstm_kernel.cpp:79:49)
INFO: [HLS 207-4370] built-in candidate operator/(unsigned int, long) (lstm_hls_project/src_files/lstm_kernel.cpp:79:49)
INFO: [HLS 207-4370] built-in candidate operator/(unsigned int, long long) (lstm_hls_project/src_files/lstm_kernel.cpp:79:49)
INFO: [HLS 207-4370] built-in candidate operator/(unsigned int, __int128) (lstm_hls_project/src_files/lstm_kernel.cpp:79:49)
INFO: [HLS 207-4370] built-in candidate operator/(unsigned int, unsigned int) (lstm_hls_project/src_files/lstm_kernel.cpp:79:49)
INFO: [HLS 207-4370] built-in candidate operator/(unsigned int, unsigned long) (lstm_hls_project/src_files/lstm_kernel.cpp:79:49)
INFO: [HLS 207-4370] built-in candidate operator/(unsigned int, unsigned long long) (lstm_hls_project/src_files/lstm_kernel.cpp:79:49)
INFO: [HLS 207-4370] built-in candidate operator/(unsigned int, unsigned __int128) (lstm_hls_project/src_files/lstm_kernel.cpp:79:49)
INFO: [HLS 207-4370] built-in candidate operator/(unsigned long, float) (lstm_hls_project/src_files/lstm_kernel.cpp:79:49)
INFO: [HLS 207-4370] built-in candidate operator/(unsigned long, double) (lstm_hls_project/src_files/lstm_kernel.cpp:79:49)
INFO: [HLS 207-4370] built-in candidate operator/(unsigned long, long double) (lstm_hls_project/src_files/lstm_kernel.cpp:79:49)
INFO: [HLS 207-4370] built-in candidate operator/(unsigned long, __float128) (lstm_hls_project/src_files/lstm_kernel.cpp:79:49)
INFO: [HLS 207-4370] built-in candidate operator/(unsigned long, int) (lstm_hls_project/src_files/lstm_kernel.cpp:79:49)
INFO: [HLS 207-4370] built-in candidate operator/(unsigned long, long) (lstm_hls_project/src_files/lstm_kernel.cpp:79:49)
INFO: [HLS 207-4370] built-in candidate operator/(unsigned long, long long) (lstm_hls_project/src_files/lstm_kernel.cpp:79:49)
INFO: [HLS 207-4370] built-in candidate operator/(unsigned long, __int128) (lstm_hls_project/src_files/lstm_kernel.cpp:79:49)
INFO: [HLS 207-4370] built-in candidate operator/(unsigned long, unsigned int) (lstm_hls_project/src_files/lstm_kernel.cpp:79:49)
INFO: [HLS 207-4370] built-in candidate operator/(unsigned long, unsigned long) (lstm_hls_project/src_files/lstm_kernel.cpp:79:49)
INFO: [HLS 207-4370] built-in candidate operator/(unsigned long, unsigned long long) (lstm_hls_project/src_files/lstm_kernel.cpp:79:49)
INFO: [HLS 207-4370] built-in candidate operator/(unsigned long, unsigned __int128) (lstm_hls_project/src_files/lstm_kernel.cpp:79:49)
INFO: [HLS 207-4370] built-in candidate operator/(unsigned long long, float) (lstm_hls_project/src_files/lstm_kernel.cpp:79:49)
INFO: [HLS 207-4370] built-in candidate operator/(unsigned long long, double) (lstm_hls_project/src_files/lstm_kernel.cpp:79:49)
INFO: [HLS 207-4370] built-in candidate operator/(unsigned long long, long double) (lstm_hls_project/src_files/lstm_kernel.cpp:79:49)
INFO: [HLS 207-4370] built-in candidate operator/(unsigned long long, __float128) (lstm_hls_project/src_files/lstm_kernel.cpp:79:49)
INFO: [HLS 207-4370] built-in candidate operator/(unsigned long long, int) (lstm_hls_project/src_files/lstm_kernel.cpp:79:49)
INFO: [HLS 207-4370] built-in candidate operator/(unsigned long long, long) (lstm_hls_project/src_files/lstm_kernel.cpp:79:49)
INFO: [HLS 207-4370] built-in candidate operator/(unsigned long long, long long) (lstm_hls_project/src_files/lstm_kernel.cpp:79:49)
INFO: [HLS 207-4370] built-in candidate operator/(unsigned long long, __int128) (lstm_hls_project/src_files/lstm_kernel.cpp:79:49)
INFO: [HLS 207-4370] built-in candidate operator/(unsigned long long, unsigned int) (lstm_hls_project/src_files/lstm_kernel.cpp:79:49)
INFO: [HLS 207-4370] built-in candidate operator/(unsigned long long, unsigned long) (lstm_hls_project/src_files/lstm_kernel.cpp:79:49)
INFO: [HLS 207-4370] built-in candidate operator/(unsigned long long, unsigned long long) (lstm_hls_project/src_files/lstm_kernel.cpp:79:49)
INFO: [HLS 207-4370] built-in candidate operator/(unsigned long long, unsigned __int128) (lstm_hls_project/src_files/lstm_kernel.cpp:79:49)
INFO: [HLS 207-4370] built-in candidate operator/(unsigned __int128, float) (lstm_hls_project/src_files/lstm_kernel.cpp:79:49)
INFO: [HLS 207-4370] built-in candidate operator/(unsigned __int128, double) (lstm_hls_project/src_files/lstm_kernel.cpp:79:49)
INFO: [HLS 207-4370] built-in candidate operator/(unsigned __int128, long double) (lstm_hls_project/src_files/lstm_kernel.cpp:79:49)
INFO: [HLS 207-4370] built-in candidate operator/(unsigned __int128, __float128) (lstm_hls_project/src_files/lstm_kernel.cpp:79:49)
INFO: [HLS 207-4370] built-in candidate operator/(unsigned __int128, int) (lstm_hls_project/src_files/lstm_kernel.cpp:79:49)
INFO: [HLS 207-4370] built-in candidate operator/(unsigned __int128, long) (lstm_hls_project/src_files/lstm_kernel.cpp:79:49)
INFO: [HLS 207-4370] built-in candidate operator/(unsigned __int128, long long) (lstm_hls_project/src_files/lstm_kernel.cpp:79:49)
INFO: [HLS 207-4370] built-in candidate operator/(unsigned __int128, __int128) (lstm_hls_project/src_files/lstm_kernel.cpp:79:49)
INFO: [HLS 207-4370] built-in candidate operator/(unsigned __int128, unsigned int) (lstm_hls_project/src_files/lstm_kernel.cpp:79:49)
INFO: [HLS 207-4370] built-in candidate operator/(unsigned __int128, unsigned long) (lstm_hls_project/src_files/lstm_kernel.cpp:79:49)
INFO: [HLS 207-4370] built-in candidate operator/(unsigned __int128, unsigned long long) (lstm_hls_project/src_files/lstm_kernel.cpp:79:49)
INFO: [HLS 207-4370] built-in candidate operator/(unsigned __int128, unsigned __int128) (lstm_hls_project/src_files/lstm_kernel.cpp:79:49)
WARNING: [HLS 207-5169] shift count is negative (/tools/Xilinx/Vitis_HLS/2023.2/common/technology/autopilot/etc/ap_fixed_base.h:992:13)
INFO: [HLS 207-4526] in instantiation of member function 'ap_fixed_base<21, 7, false, AP_TRN, AP_WRAP, 0>::to_ap_int_base' requested here (/tools/Xilinx/Vitis_HLS/2023.2/common/technology/autopilot/etc/ap_int_base.h:347:18)
INFO: [HLS 207-4235] in instantiation of function template specialization 'ap_int_base<7, false>::ap_int_base<21, 7, false, AP_TRN, AP_WRAP, 0>' requested here (/tools/Xilinx/Vitis_HLS/2023.2/common/technology/autopilot/ap_int.h:237:9)
INFO: [HLS 207-4235] in instantiation of function template specialization 'ap_uint<7>::ap_uint<21, 7, AP_TRN, AP_WRAP, 0>' requested here (/tools/Xilinx/Vitis_HLS/2023.2/common/technology/autopilot/etc/hls_cordic_apfixed.h:723:9)
INFO: [HLS 207-4235] in instantiation of function template specialization 'cordic_apfixed::hyperb_range_redux<14, 6, 14>' requested here (/tools/Xilinx/Vitis_HLS/2023.2/common/technology/autopilot/etc/hls_cordic_apfixed.h:808:5)
INFO: [HLS 207-4235] in instantiation of function template specialization 'cordic_apfixed::sinh_cosh_range_redux_cordic<14, 6>' requested here (/tools/Xilinx/Vitis_HLS/2023.2/common/technology/autopilot/etc/hls_cordic_apfixed.h:938:5)
INFO: [HLS 207-4235] in instantiation of function template specialization 'cordic_apfixed::generic_sinh<14, 6>' requested here (/tools/Xilinx/Vitis_HLS/2023.2/common/technology/autopilot/hls_math.h:1501:25)
INFO: [HLS 207-4235] in instantiation of function template specialization 'hls::sinh<14, 6>' requested here (lstm_hls_project/src_files/lstm_kernel.cpp:5:17)
INFO-FLOW: Error in clang_39_open_source : 
INFO-FLOW: Caught error in elaborate:  
    while executing
"ap_compile_CCPP $srcf $skip_transform CFLAGS $skip_cdt $objdir $is_xip"
    (procedure "AP::ap_compile_one_tu_39" line 53)
    invoked from within
"AP::ap_compile_one_tu_39 $srcfile $skip_transform $dbgInfo $skip_cdt "$cflags""
    ("foreach" body line 10)
    invoked from within
"foreach fentry $dut_files {
        #puts "file: $fentry"
        set fatt [lindex $fentry 1]
        array set opt $fatt
        set srcfile $opt(nam..."
    (procedure "AP::compile_dut_files_39" line 18)
    invoked from within
"AP::compile_dut_files_39 $dut_files $dbgInfo $skip_cdt $skip_transform"
    (procedure "AP::compile" line 105)
    invoked from within
"AP::compile 1 $skip_cdt $skip_transform"
    (procedure "ap_internal_elaborate" line 83)
    invoked from within
"ap_internal_elaborate "
Command     elaborate done; error code: 2; 19.2 sec.
INFO-FLOW: Caught error in csynth_design:  
    while executing
"ap_internal_csynth_design "
Command   csynth_design done; error code: 2; 19.39 sec.
INFO: [HLS 200-111] Finished Command csynth_design CPU user time: 12.77 seconds. CPU system time: 1.04 seconds. Elapsed time: 19.39 seconds; current allocated memory: 6.691 MB.
Command ap_source done; error code: 1; 22.53 sec.
Execute cleanup_all 
