==============================================================
Vitis HLS - High-Level Synthesis from C, C++ and OpenCL v2023.2 (64-bit)
Tool Version Limit: 2023.10
Copyright 1986-2022 Xilinx, Inc. All Rights Reserved.
Copyright 2022-2023 Advanced Micro Devices, Inc. All Rights Reserved.

==============================================================
INFO: [SYN 201-201] Setting up clock 'default' with a period of 10ns.
INFO: [HLS 200-1611] Setting target device to 'xc7z010-clg400-1'
INFO: [HLS 200-1505] Using flow_target 'vivado'
INFO: [HLS 200-1510] Running: set_part xc7z010clg400-1 
INFO: [HLS 200-1510] Running: create_clock -period 10 -name default 
INFO: [SYN 201-201] Setting up clock 'default' with a period of 10ns.
INFO: [HLS 200-1510] Running: csim_design -quiet 
INFO: [SIM 211-2] *************** CSIM start ***************
INFO: [SIM 211-4] CSIM will launch GCC as the compiler.
INFO: [HLS 200-2036] Building debug C Simulation binaries
ERROR: [SIM 211-100] 'csim_design' failed: compilation error(s).
INFO: [SIM 211-3] *************** CSIM finish ***************
INFO: [HLS 200-111] Finished Command csim_design CPU user time: 3.14 seconds. CPU system time: 0.44 seconds. Elapsed time: 4.69 seconds; current allocated memory: 0.000 MB.
==============================================================
Vitis HLS - High-Level Synthesis from C, C++ and OpenCL v2023.2 (64-bit)
Tool Version Limit: 2023.10
Copyright 1986-2022 Xilinx, Inc. All Rights Reserved.
Copyright 2022-2023 Advanced Micro Devices, Inc. All Rights Reserved.

==============================================================
INFO: [SYN 201-201] Setting up clock 'default' with a period of 10ns.
INFO: [HLS 200-1611] Setting target device to 'xc7z010-clg400-1'
INFO: [HLS 200-1505] Using flow_target 'vivado'
INFO: [HLS 200-1510] Running: set_part xc7z010clg400-1 
INFO: [HLS 200-1510] Running: create_clock -period 10 -name default 
INFO: [HLS 200-1510] Running: csynth_design 
INFO: [HLS 200-111] Finished File checks and directory preparation: CPU user time: 0.16 seconds. CPU system time: 0.02 seconds. Elapsed time: 0.2 seconds; current allocated memory: 312.211 MB.
INFO: [HLS 200-10] Analyzing design file 'lstm_hls_project/src_files/lstm_kernel.cpp' ... 
ERROR: [HLS 207-3776] use of undeclared identifier 'gateInputs' (lstm_hls_project/src_files/lstm_kernel.cpp:15:38)
WARNING: [HLS 207-5554] invalid variable expr  (lstm_hls_project/src_files/lstm_kernel.cpp:15:38)
ERROR: [HLS 207-3776] use of undeclared identifier 'gateForget' (lstm_hls_project/src_files/lstm_kernel.cpp:16:38)
WARNING: [HLS 207-5554] invalid variable expr  (lstm_hls_project/src_files/lstm_kernel.cpp:16:38)
ERROR: [HLS 207-3776] use of undeclared identifier 'gateForgetInv' (lstm_hls_project/src_files/lstm_kernel.cpp:17:38)
WARNING: [HLS 207-5554] invalid variable expr  (lstm_hls_project/src_files/lstm_kernel.cpp:17:38)
ERROR: [HLS 207-3776] use of undeclared identifier 'gateInput' (lstm_hls_project/src_files/lstm_kernel.cpp:18:38)
WARNING: [HLS 207-5554] invalid variable expr  (lstm_hls_project/src_files/lstm_kernel.cpp:18:38)
ERROR: [HLS 207-3776] use of undeclared identifier 'gateInputInv' (lstm_hls_project/src_files/lstm_kernel.cpp:19:38)
WARNING: [HLS 207-5554] invalid variable expr  (lstm_hls_project/src_files/lstm_kernel.cpp:19:38)
ERROR: [HLS 207-3776] use of undeclared identifier 'gateOutput' (lstm_hls_project/src_files/lstm_kernel.cpp:20:38)
WARNING: [HLS 207-5554] invalid variable expr  (lstm_hls_project/src_files/lstm_kernel.cpp:20:38)
ERROR: [HLS 207-3776] use of undeclared identifier 'gateOutputInv' (lstm_hls_project/src_files/lstm_kernel.cpp:21:38)
WARNING: [HLS 207-5554] invalid variable expr  (lstm_hls_project/src_files/lstm_kernel.cpp:21:38)
ERROR: [HLS 207-3776] use of undeclared identifier 'cellCandidate' (lstm_hls_project/src_files/lstm_kernel.cpp:22:38)
WARNING: [HLS 207-5554] invalid variable expr  (lstm_hls_project/src_files/lstm_kernel.cpp:22:38)
ERROR: [HLS 207-3777] use of undeclared identifier 'newCellState'; did you mean 'cellState'? (lstm_hls_project/src_files/lstm_kernel.cpp:23:38)
INFO: [HLS 207-4436] 'cellState' declared here (lstm_hls_project/src_files/lstm_kernel.cpp:13:25)
ERROR: [HLS 207-3325] use of overloaded operator '/' is ambiguous (with operand types 'double' and 'LstmStateType' (aka 'ap_fixed<14, 6>')) (lstm_hls_project/src_files/lstm_kernel.cpp:77:42)
INFO: [HLS 207-4372] candidate function [with _AP_W = 14, _AP_I = 6, _AP_S = true, _AP_Q = AP_TRN, _AP_O = AP_WRAP, _AP_N = 0] (/tools/Xilinx/Vitis_HLS/2023.2/common/technology/autopilot/etc/ap_fixed_base.h:2372:2997)
INFO: [HLS 207-4372] candidate function [with _AP_W = 14, _AP_I = 6, _AP_S = true, _AP_Q = AP_TRN, _AP_O = AP_WRAP, _AP_N = 0] (/tools/Xilinx/Vitis_HLS/2023.2/common/technology/autopilot/etc/ap_fixed_base.h:2373:3132)
INFO: [HLS 207-4372] candidate function [with _AP_W = 14, _AP_I = 6, _AP_S = true, _AP_Q = AP_TRN, _AP_O = AP_WRAP, _AP_N = 0] (/tools/Xilinx/Vitis_HLS/2023.2/common/technology/autopilot/etc/ap_fixed_base.h:2374:3031)
INFO: [HLS 207-4372] candidate function [with _AP_W = 14, _AP_I = 6, _AP_S = true, _AP_Q = AP_TRN, _AP_O = AP_WRAP, _AP_N = 0] (/tools/Xilinx/Vitis_HLS/2023.2/common/technology/autopilot/etc/ap_fixed_base.h:2375:3060)
INFO: [HLS 207-4372] candidate function [with _AP_W = 14, _AP_I = 6, _AP_S = true, _AP_Q = AP_TRN, _AP_O = AP_WRAP, _AP_N = 0] (/tools/Xilinx/Vitis_HLS/2023.2/common/technology/autopilot/etc/ap_fixed_base.h:2376:3379)
INFO: [HLS 207-4372] candidate function [with _AP_W = 14, _AP_I = 6, _AP_S = true, _AP_Q = AP_TRN, _AP_O = AP_WRAP, _AP_N = 0] (/tools/Xilinx/Vitis_HLS/2023.2/common/technology/autopilot/etc/ap_fixed_base.h:2377:3457)
INFO: [HLS 207-4372] candidate function [with _AP_W = 14, _AP_I = 6, _AP_S = true, _AP_Q = AP_TRN, _AP_O = AP_WRAP, _AP_N = 0] (/tools/Xilinx/Vitis_HLS/2023.2/common/technology/autopilot/etc/ap_fixed_base.h:2378:3305)
INFO: [HLS 207-4372] candidate function [with _AP_W = 14, _AP_I = 6, _AP_S = true, _AP_Q = AP_TRN, _AP_O = AP_WRAP, _AP_N = 0] (/tools/Xilinx/Vitis_HLS/2023.2/common/technology/autopilot/etc/ap_fixed_base.h:2379:3383)
INFO: [HLS 207-4372] candidate function [with _AP_W = 14, _AP_I = 6, _AP_S = true, _AP_Q = AP_TRN, _AP_O = AP_WRAP, _AP_N = 0] (/tools/Xilinx/Vitis_HLS/2023.2/common/technology/autopilot/etc/ap_fixed_base.h:2380:3342)
INFO: [HLS 207-4372] candidate function [with _AP_W = 14, _AP_I = 6, _AP_S = true, _AP_Q = AP_TRN, _AP_O = AP_WRAP, _AP_N = 0] (/tools/Xilinx/Vitis_HLS/2023.2/common/technology/autopilot/etc/ap_fixed_base.h:2381:3420)
INFO: [HLS 207-4372] candidate function [with _AP_W = 14, _AP_I = 6, _AP_S = true, _AP_Q = AP_TRN, _AP_O = AP_WRAP, _AP_N = 0] (/tools/Xilinx/Vitis_HLS/2023.2/common/technology/autopilot/etc/ap_fixed_base.h:2382:3490)
INFO: [HLS 207-4372] candidate function [with _AP_W = 14, _AP_I = 6, _AP_S = true, _AP_Q = AP_TRN, _AP_O = AP_WRAP, _AP_N = 0] (/tools/Xilinx/Vitis_HLS/2023.2/common/technology/autopilot/etc/ap_fixed_base.h:2383:3505)
INFO: [HLS 207-4370] built-in candidate operator/(double, float) (lstm_hls_project/src_files/lstm_kernel.cpp:77:42)
INFO: [HLS 207-4370] built-in candidate operator/(double, double) (lstm_hls_project/src_files/lstm_kernel.cpp:77:42)
INFO: [HLS 207-4370] built-in candidate operator/(double, long double) (lstm_hls_project/src_files/lstm_kernel.cpp:77:42)
INFO: [HLS 207-4370] built-in candidate operator/(double, __float128) (lstm_hls_project/src_files/lstm_kernel.cpp:77:42)
INFO: [HLS 207-4370] built-in candidate operator/(double, int) (lstm_hls_project/src_files/lstm_kernel.cpp:77:42)
INFO: [HLS 207-4370] built-in candidate operator/(double, long) (lstm_hls_project/src_files/lstm_kernel.cpp:77:42)
INFO: [HLS 207-4370] built-in candidate operator/(double, long long) (lstm_hls_project/src_files/lstm_kernel.cpp:77:42)
INFO: [HLS 207-4370] built-in candidate operator/(double, __int128) (lstm_hls_project/src_files/lstm_kernel.cpp:77:42)
INFO: [HLS 207-4370] built-in candidate operator/(double, unsigned int) (lstm_hls_project/src_files/lstm_kernel.cpp:77:42)
INFO: [HLS 207-4370] built-in candidate operator/(double, unsigned long) (lstm_hls_project/src_files/lstm_kernel.cpp:77:42)
INFO: [HLS 207-4370] built-in candidate operator/(double, unsigned long long) (lstm_hls_project/src_files/lstm_kernel.cpp:77:42)
INFO: [HLS 207-4370] built-in candidate operator/(double, unsigned __int128) (lstm_hls_project/src_files/lstm_kernel.cpp:77:42)
INFO: [HLS 207-4370] built-in candidate operator/(float, float) (lstm_hls_project/src_files/lstm_kernel.cpp:77:42)
INFO: [HLS 207-4370] built-in candidate operator/(float, double) (lstm_hls_project/src_files/lstm_kernel.cpp:77:42)
INFO: [HLS 207-4370] built-in candidate operator/(float, long double) (lstm_hls_project/src_files/lstm_kernel.cpp:77:42)
INFO: [HLS 207-4370] built-in candidate operator/(float, __float128) (lstm_hls_project/src_files/lstm_kernel.cpp:77:42)
INFO: [HLS 207-4370] built-in candidate operator/(float, int) (lstm_hls_project/src_files/lstm_kernel.cpp:77:42)
INFO: [HLS 207-4370] built-in candidate operator/(float, long) (lstm_hls_project/src_files/lstm_kernel.cpp:77:42)
INFO: [HLS 207-4370] built-in candidate operator/(float, long long) (lstm_hls_project/src_files/lstm_kernel.cpp:77:42)
INFO: [HLS 207-4370] built-in candidate operator/(float, __int128) (lstm_hls_project/src_files/lstm_kernel.cpp:77:42)
INFO: [HLS 207-4370] built-in candidate operator/(float, unsigned int) (lstm_hls_project/src_files/lstm_kernel.cpp:77:42)
INFO: [HLS 207-4370] built-in candidate operator/(float, unsigned long) (lstm_hls_project/src_files/lstm_kernel.cpp:77:42)
INFO: [HLS 207-4370] built-in candidate operator/(float, unsigned long long) (lstm_hls_project/src_files/lstm_kernel.cpp:77:42)
INFO: [HLS 207-4370] built-in candidate operator/(float, unsigned __int128) (lstm_hls_project/src_files/lstm_kernel.cpp:77:42)
INFO: [HLS 207-4370] built-in candidate operator/(long double, float) (lstm_hls_project/src_files/lstm_kernel.cpp:77:42)
INFO: [HLS 207-4370] built-in candidate operator/(long double, double) (lstm_hls_project/src_files/lstm_kernel.cpp:77:42)
INFO: [HLS 207-4370] built-in candidate operator/(long double, long double) (lstm_hls_project/src_files/lstm_kernel.cpp:77:42)
INFO: [HLS 207-4370] built-in candidate operator/(long double, __float128) (lstm_hls_project/src_files/lstm_kernel.cpp:77:42)
INFO: [HLS 207-4370] built-in candidate operator/(long double, int) (lstm_hls_project/src_files/lstm_kernel.cpp:77:42)
INFO: [HLS 207-4370] built-in candidate operator/(long double, long) (lstm_hls_project/src_files/lstm_kernel.cpp:77:42)
INFO: [HLS 207-4370] built-in candidate operator/(long double, long long) (lstm_hls_project/src_files/lstm_kernel.cpp:77:42)
INFO: [HLS 207-4370] built-in candidate operator/(long double, __int128) (lstm_hls_project/src_files/lstm_kernel.cpp:77:42)
INFO: [HLS 207-4370] built-in candidate operator/(long double, unsigned int) (lstm_hls_project/src_files/lstm_kernel.cpp:77:42)
INFO: [HLS 207-4370] built-in candidate operator/(long double, unsigned long) (lstm_hls_project/src_files/lstm_kernel.cpp:77:42)
INFO: [HLS 207-4370] built-in candidate operator/(long double, unsigned long long) (lstm_hls_project/src_files/lstm_kernel.cpp:77:42)
INFO: [HLS 207-4370] built-in candidate operator/(long double, unsigned __int128) (lstm_hls_project/src_files/lstm_kernel.cpp:77:42)
INFO: [HLS 207-4370] built-in candidate operator/(__float128, float) (lstm_hls_project/src_files/lstm_kernel.cpp:77:42)
INFO: [HLS 207-4370] built-in candidate operator/(__float128, double) (lstm_hls_project/src_files/lstm_kernel.cpp:77:42)
INFO: [HLS 207-4370] built-in candidate operator/(__float128, long double) (lstm_hls_project/src_files/lstm_kernel.cpp:77:42)
INFO: [HLS 207-4370] built-in candidate operator/(__float128, __float128) (lstm_hls_project/src_files/lstm_kernel.cpp:77:42)
INFO: [HLS 207-4370] built-in candidate operator/(__float128, int) (lstm_hls_project/src_files/lstm_kernel.cpp:77:42)
INFO: [HLS 207-4370] built-in candidate operator/(__float128, long) (lstm_hls_project/src_files/lstm_kernel.cpp:77:42)
INFO: [HLS 207-4370] built-in candidate operator/(__float128, long long) (lstm_hls_project/src_files/lstm_kernel.cpp:77:42)
INFO: [HLS 207-4370] built-in candidate operator/(__float128, __int128) (lstm_hls_project/src_files/lstm_kernel.cpp:77:42)
INFO: [HLS 207-4370] built-in candidate operator/(__float128, unsigned int) (lstm_hls_project/src_files/lstm_kernel.cpp:77:42)
INFO: [HLS 207-4370] built-in candidate operator/(__float128, unsigned long) (lstm_hls_project/src_files/lstm_kernel.cpp:77:42)
INFO: [HLS 207-4370] built-in candidate operator/(__float128, unsigned long long) (lstm_hls_project/src_files/lstm_kernel.cpp:77:42)
INFO: [HLS 207-4370] built-in candidate operator/(__float128, unsigned __int128) (lstm_hls_project/src_files/lstm_kernel.cpp:77:42)
INFO: [HLS 207-4370] built-in candidate operator/(int, float) (lstm_hls_project/src_files/lstm_kernel.cpp:77:42)
INFO: [HLS 207-4370] built-in candidate operator/(int, double) (lstm_hls_project/src_files/lstm_kernel.cpp:77:42)
INFO: [HLS 207-4370] built-in candidate operator/(int, long double) (lstm_hls_project/src_files/lstm_kernel.cpp:77:42)
INFO: [HLS 207-4370] built-in candidate operator/(int, __float128) (lstm_hls_project/src_files/lstm_kernel.cpp:77:42)
INFO: [HLS 207-4370] built-in candidate operator/(int, int) (lstm_hls_project/src_files/lstm_kernel.cpp:77:42)
INFO: [HLS 207-4370] built-in candidate operator/(int, long) (lstm_hls_project/src_files/lstm_kernel.cpp:77:42)
INFO: [HLS 207-4370] built-in candidate operator/(int, long long) (lstm_hls_project/src_files/lstm_kernel.cpp:77:42)
INFO: [HLS 207-4370] built-in candidate operator/(int, __int128) (lstm_hls_project/src_files/lstm_kernel.cpp:77:42)
INFO: [HLS 207-4370] built-in candidate operator/(int, unsigned int) (lstm_hls_project/src_files/lstm_kernel.cpp:77:42)
INFO: [HLS 207-4370] built-in candidate operator/(int, unsigned long) (lstm_hls_project/src_files/lstm_kernel.cpp:77:42)
INFO: [HLS 207-4370] built-in candidate operator/(int, unsigned long long) (lstm_hls_project/src_files/lstm_kernel.cpp:77:42)
INFO: [HLS 207-4370] built-in candidate operator/(int, unsigned __int128) (lstm_hls_project/src_files/lstm_kernel.cpp:77:42)
INFO: [HLS 207-4370] built-in candidate operator/(long, float) (lstm_hls_project/src_files/lstm_kernel.cpp:77:42)
INFO: [HLS 207-4370] built-in candidate operator/(long, double) (lstm_hls_project/src_files/lstm_kernel.cpp:77:42)
INFO: [HLS 207-4370] built-in candidate operator/(long, long double) (lstm_hls_project/src_files/lstm_kernel.cpp:77:42)
INFO: [HLS 207-4370] built-in candidate operator/(long, __float128) (lstm_hls_project/src_files/lstm_kernel.cpp:77:42)
INFO: [HLS 207-4370] built-in candidate operator/(long, int) (lstm_hls_project/src_files/lstm_kernel.cpp:77:42)
INFO: [HLS 207-4370] built-in candidate operator/(long, long) (lstm_hls_project/src_files/lstm_kernel.cpp:77:42)
INFO: [HLS 207-4370] built-in candidate operator/(long, long long) (lstm_hls_project/src_files/lstm_kernel.cpp:77:42)
INFO: [HLS 207-4370] built-in candidate operator/(long, __int128) (lstm_hls_project/src_files/lstm_kernel.cpp:77:42)
INFO: [HLS 207-4370] built-in candidate operator/(long, unsigned int) (lstm_hls_project/src_files/lstm_kernel.cpp:77:42)
INFO: [HLS 207-4370] built-in candidate operator/(long, unsigned long) (lstm_hls_project/src_files/lstm_kernel.cpp:77:42)
INFO: [HLS 207-4370] built-in candidate operator/(long, unsigned long long) (lstm_hls_project/src_files/lstm_kernel.cpp:77:42)
INFO: [HLS 207-4370] built-in candidate operator/(long, unsigned __int128) (lstm_hls_project/src_files/lstm_kernel.cpp:77:42)
INFO: [HLS 207-4370] built-in candidate operator/(long long, float) (lstm_hls_project/src_files/lstm_kernel.cpp:77:42)
INFO: [HLS 207-4370] built-in candidate operator/(long long, double) (lstm_hls_project/src_files/lstm_kernel.cpp:77:42)
INFO: [HLS 207-4370] built-in candidate operator/(long long, long double) (lstm_hls_project/src_files/lstm_kernel.cpp:77:42)
INFO: [HLS 207-4370] built-in candidate operator/(long long, __float128) (lstm_hls_project/src_files/lstm_kernel.cpp:77:42)
INFO: [HLS 207-4370] built-in candidate operator/(long long, int) (lstm_hls_project/src_files/lstm_kernel.cpp:77:42)
INFO: [HLS 207-4370] built-in candidate operator/(long long, long) (lstm_hls_project/src_files/lstm_kernel.cpp:77:42)
INFO: [HLS 207-4370] built-in candidate operator/(long long, long long) (lstm_hls_project/src_files/lstm_kernel.cpp:77:42)
INFO: [HLS 207-4370] built-in candidate operator/(long long, __int128) (lstm_hls_project/src_files/lstm_kernel.cpp:77:42)
INFO: [HLS 207-4370] built-in candidate operator/(long long, unsigned int) (lstm_hls_project/src_files/lstm_kernel.cpp:77:42)
INFO: [HLS 207-4370] built-in candidate operator/(long long, unsigned long) (lstm_hls_project/src_files/lstm_kernel.cpp:77:42)
INFO: [HLS 207-4370] built-in candidate operator/(long long, unsigned long long) (lstm_hls_project/src_files/lstm_kernel.cpp:77:42)
INFO: [HLS 207-4370] built-in candidate operator/(long long, unsigned __int128) (lstm_hls_project/src_files/lstm_kernel.cpp:77:42)
INFO: [HLS 207-4370] built-in candidate operator/(__int128, float) (lstm_hls_project/src_files/lstm_kernel.cpp:77:42)
INFO: [HLS 207-4370] built-in candidate operator/(__int128, double) (lstm_hls_project/src_files/lstm_kernel.cpp:77:42)
INFO: [HLS 207-4370] built-in candidate operator/(__int128, long double) (lstm_hls_project/src_files/lstm_kernel.cpp:77:42)
INFO: [HLS 207-4370] built-in candidate operator/(__int128, __float128) (lstm_hls_project/src_files/lstm_kernel.cpp:77:42)
INFO: [HLS 207-4370] built-in candidate operator/(__int128, int) (lstm_hls_project/src_files/lstm_kernel.cpp:77:42)
INFO: [HLS 207-4370] built-in candidate operator/(__int128, long) (lstm_hls_project/src_files/lstm_kernel.cpp:77:42)
INFO: [HLS 207-4370] built-in candidate operator/(__int128, long long) (lstm_hls_project/src_files/lstm_kernel.cpp:77:42)
INFO: [HLS 207-4370] built-in candidate operator/(__int128, __int128) (lstm_hls_project/src_files/lstm_kernel.cpp:77:42)
INFO: [HLS 207-4370] built-in candidate operator/(__int128, unsigned int) (lstm_hls_project/src_files/lstm_kernel.cpp:77:42)
INFO: [HLS 207-4370] built-in candidate operator/(__int128, unsigned long) (lstm_hls_project/src_files/lstm_kernel.cpp:77:42)
INFO: [HLS 207-4370] built-in candidate operator/(__int128, unsigned long long) (lstm_hls_project/src_files/lstm_kernel.cpp:77:42)
INFO: [HLS 207-4370] built-in candidate operator/(__int128, unsigned __int128) (lstm_hls_project/src_files/lstm_kernel.cpp:77:42)
INFO: [HLS 207-4370] built-in candidate operator/(unsigned int, float) (lstm_hls_project/src_files/lstm_kernel.cpp:77:42)
INFO: [HLS 207-4370] built-in candidate operator/(unsigned int, double) (lstm_hls_project/src_files/lstm_kernel.cpp:77:42)
INFO: [HLS 207-4370] built-in candidate operator/(unsigned int, long double) (lstm_hls_project/src_files/lstm_kernel.cpp:77:42)
INFO: [HLS 207-4370] built-in candidate operator/(unsigned int, __float128) (lstm_hls_project/src_files/lstm_kernel.cpp:77:42)
INFO: [HLS 207-4370] built-in candidate operator/(unsigned int, int) (lstm_hls_project/src_files/lstm_kernel.cpp:77:42)
INFO: [HLS 207-4370] built-in candidate operator/(unsigned int, long) (lstm_hls_project/src_files/lstm_kernel.cpp:77:42)
INFO: [HLS 207-4370] built-in candidate operator/(unsigned int, long long) (lstm_hls_project/src_files/lstm_kernel.cpp:77:42)
INFO: [HLS 207-4370] built-in candidate operator/(unsigned int, __int128) (lstm_hls_project/src_files/lstm_kernel.cpp:77:42)
INFO: [HLS 207-4370] built-in candidate operator/(unsigned int, unsigned int) (lstm_hls_project/src_files/lstm_kernel.cpp:77:42)
INFO: [HLS 207-4370] built-in candidate operator/(unsigned int, unsigned long) (lstm_hls_project/src_files/lstm_kernel.cpp:77:42)
INFO: [HLS 207-4370] built-in candidate operator/(unsigned int, unsigned long long) (lstm_hls_project/src_files/lstm_kernel.cpp:77:42)
INFO: [HLS 207-4370] built-in candidate operator/(unsigned int, unsigned __int128) (lstm_hls_project/src_files/lstm_kernel.cpp:77:42)
INFO: [HLS 207-4370] built-in candidate operator/(unsigned long, float) (lstm_hls_project/src_files/lstm_kernel.cpp:77:42)
INFO: [HLS 207-4370] built-in candidate operator/(unsigned long, double) (lstm_hls_project/src_files/lstm_kernel.cpp:77:42)
INFO: [HLS 207-4370] built-in candidate operator/(unsigned long, long double) (lstm_hls_project/src_files/lstm_kernel.cpp:77:42)
INFO: [HLS 207-4370] built-in candidate operator/(unsigned long, __float128) (lstm_hls_project/src_files/lstm_kernel.cpp:77:42)
INFO: [HLS 207-4370] built-in candidate operator/(unsigned long, int) (lstm_hls_project/src_files/lstm_kernel.cpp:77:42)
INFO: [HLS 207-4370] built-in candidate operator/(unsigned long, long) (lstm_hls_project/src_files/lstm_kernel.cpp:77:42)
INFO: [HLS 207-4370] built-in candidate operator/(unsigned long, long long) (lstm_hls_project/src_files/lstm_kernel.cpp:77:42)
INFO: [HLS 207-4370] built-in candidate operator/(unsigned long, __int128) (lstm_hls_project/src_files/lstm_kernel.cpp:77:42)
INFO: [HLS 207-4370] built-in candidate operator/(unsigned long, unsigned int) (lstm_hls_project/src_files/lstm_kernel.cpp:77:42)
INFO: [HLS 207-4370] built-in candidate operator/(unsigned long, unsigned long) (lstm_hls_project/src_files/lstm_kernel.cpp:77:42)
INFO: [HLS 207-4370] built-in candidate operator/(unsigned long, unsigned long long) (lstm_hls_project/src_files/lstm_kernel.cpp:77:42)
INFO: [HLS 207-4370] built-in candidate operator/(unsigned long, unsigned __int128) (lstm_hls_project/src_files/lstm_kernel.cpp:77:42)
INFO: [HLS 207-4370] built-in candidate operator/(unsigned long long, float) (lstm_hls_project/src_files/lstm_kernel.cpp:77:42)
INFO: [HLS 207-4370] built-in candidate operator/(unsigned long long, double) (lstm_hls_project/src_files/lstm_kernel.cpp:77:42)
INFO: [HLS 207-4370] built-in candidate operator/(unsigned long long, long double) (lstm_hls_project/src_files/lstm_kernel.cpp:77:42)
INFO: [HLS 207-4370] built-in candidate operator/(unsigned long long, __float128) (lstm_hls_project/src_files/lstm_kernel.cpp:77:42)
INFO: [HLS 207-4370] built-in candidate operator/(unsigned long long, int) (lstm_hls_project/src_files/lstm_kernel.cpp:77:42)
INFO: [HLS 207-4370] built-in candidate operator/(unsigned long long, long) (lstm_hls_project/src_files/lstm_kernel.cpp:77:42)
INFO: [HLS 207-4370] built-in candidate operator/(unsigned long long, long long) (lstm_hls_project/src_files/lstm_kernel.cpp:77:42)
INFO: [HLS 207-4370] built-in candidate operator/(unsigned long long, __int128) (lstm_hls_project/src_files/lstm_kernel.cpp:77:42)
INFO: [HLS 207-4370] built-in candidate operator/(unsigned long long, unsigned int) (lstm_hls_project/src_files/lstm_kernel.cpp:77:42)
INFO: [HLS 207-4370] built-in candidate operator/(unsigned long long, unsigned long) (lstm_hls_project/src_files/lstm_kernel.cpp:77:42)
INFO: [HLS 207-4370] built-in candidate operator/(unsigned long long, unsigned long long) (lstm_hls_project/src_files/lstm_kernel.cpp:77:42)
INFO: [HLS 207-4370] built-in candidate operator/(unsigned long long, unsigned __int128) (lstm_hls_project/src_files/lstm_kernel.cpp:77:42)
INFO: [HLS 207-4370] built-in candidate operator/(unsigned __int128, float) (lstm_hls_project/src_files/lstm_kernel.cpp:77:42)
INFO: [HLS 207-4370] built-in candidate operator/(unsigned __int128, double) (lstm_hls_project/src_files/lstm_kernel.cpp:77:42)
INFO: [HLS 207-4370] built-in candidate operator/(unsigned __int128, long double) (lstm_hls_project/src_files/lstm_kernel.cpp:77:42)
INFO: [HLS 207-4370] built-in candidate operator/(unsigned __int128, __float128) (lstm_hls_project/src_files/lstm_kernel.cpp:77:42)
INFO: [HLS 207-4370] built-in candidate operator/(unsigned __int128, int) (lstm_hls_project/src_files/lstm_kernel.cpp:77:42)
INFO: [HLS 207-4370] built-in candidate operator/(unsigned __int128, long) (lstm_hls_project/src_files/lstm_kernel.cpp:77:42)
INFO: [HLS 207-4370] built-in candidate operator/(unsigned __int128, long long) (lstm_hls_project/src_files/lstm_kernel.cpp:77:42)
INFO: [HLS 207-4370] built-in candidate operator/(unsigned __int128, __int128) (lstm_hls_project/src_files/lstm_kernel.cpp:77:42)
INFO: [HLS 207-4370] built-in candidate operator/(unsigned __int128, unsigned int) (lstm_hls_project/src_files/lstm_kernel.cpp:77:42)
INFO: [HLS 207-4370] built-in candidate operator/(unsigned __int128, unsigned long) (lstm_hls_project/src_files/lstm_kernel.cpp:77:42)
INFO: [HLS 207-4370] built-in candidate operator/(unsigned __int128, unsigned long long) (lstm_hls_project/src_files/lstm_kernel.cpp:77:42)
INFO: [HLS 207-4370] built-in candidate operator/(unsigned __int128, unsigned __int128) (lstm_hls_project/src_files/lstm_kernel.cpp:77:42)
ERROR: [HLS 207-3325] use of overloaded operator '/' is ambiguous (with operand types 'double' and 'LstmStateType' (aka 'ap_fixed<14, 6>')) (lstm_hls_project/src_files/lstm_kernel.cpp:78:48)
INFO: [HLS 207-4370] built-in candidate operator/(double, float) (lstm_hls_project/src_files/lstm_kernel.cpp:78:48)
INFO: [HLS 207-4370] built-in candidate operator/(double, double) (lstm_hls_project/src_files/lstm_kernel.cpp:78:48)
INFO: [HLS 207-4370] built-in candidate operator/(double, long double) (lstm_hls_project/src_files/lstm_kernel.cpp:78:48)
INFO: [HLS 207-4370] built-in candidate operator/(double, __float128) (lstm_hls_project/src_files/lstm_kernel.cpp:78:48)
INFO: [HLS 207-4370] built-in candidate operator/(double, int) (lstm_hls_project/src_files/lstm_kernel.cpp:78:48)
INFO: [HLS 207-4370] built-in candidate operator/(double, long) (lstm_hls_project/src_files/lstm_kernel.cpp:78:48)
INFO: [HLS 207-4370] built-in candidate operator/(double, long long) (lstm_hls_project/src_files/lstm_kernel.cpp:78:48)
INFO: [HLS 207-4370] built-in candidate operator/(double, __int128) (lstm_hls_project/src_files/lstm_kernel.cpp:78:48)
INFO: [HLS 207-4370] built-in candidate operator/(double, unsigned int) (lstm_hls_project/src_files/lstm_kernel.cpp:78:48)
INFO: [HLS 207-4370] built-in candidate operator/(double, unsigned long) (lstm_hls_project/src_files/lstm_kernel.cpp:78:48)
INFO: [HLS 207-4370] built-in candidate operator/(double, unsigned long long) (lstm_hls_project/src_files/lstm_kernel.cpp:78:48)
INFO: [HLS 207-4370] built-in candidate operator/(double, unsigned __int128) (lstm_hls_project/src_files/lstm_kernel.cpp:78:48)
INFO: [HLS 207-4370] built-in candidate operator/(float, float) (lstm_hls_project/src_files/lstm_kernel.cpp:78:48)
INFO: [HLS 207-4370] built-in candidate operator/(float, double) (lstm_hls_project/src_files/lstm_kernel.cpp:78:48)
INFO: [HLS 207-4370] built-in candidate operator/(float, long double) (lstm_hls_project/src_files/lstm_kernel.cpp:78:48)
INFO: [HLS 207-4370] built-in candidate operator/(float, __float128) (lstm_hls_project/src_files/lstm_kernel.cpp:78:48)
INFO: [HLS 207-4370] built-in candidate operator/(float, int) (lstm_hls_project/src_files/lstm_kernel.cpp:78:48)
INFO: [HLS 207-4370] built-in candidate operator/(float, long) (lstm_hls_project/src_files/lstm_kernel.cpp:78:48)
INFO: [HLS 207-4370] built-in candidate operator/(float, long long) (lstm_hls_project/src_files/lstm_kernel.cpp:78:48)
INFO: [HLS 207-4370] built-in candidate operator/(float, __int128) (lstm_hls_project/src_files/lstm_kernel.cpp:78:48)
INFO: [HLS 207-4370] built-in candidate operator/(float, unsigned int) (lstm_hls_project/src_files/lstm_kernel.cpp:78:48)
INFO: [HLS 207-4370] built-in candidate operator/(float, unsigned long) (lstm_hls_project/src_files/lstm_kernel.cpp:78:48)
INFO: [HLS 207-4370] built-in candidate operator/(float, unsigned long long) (lstm_hls_project/src_files/lstm_kernel.cpp:78:48)
INFO: [HLS 207-4370] built-in candidate operator/(float, unsigned __int128) (lstm_hls_project/src_files/lstm_kernel.cpp:78:48)
INFO: [HLS 207-4370] built-in candidate operator/(long double, float) (lstm_hls_project/src_files/lstm_kernel.cpp:78:48)
INFO: [HLS 207-4370] built-in candidate operator/(long double, double) (lstm_hls_project/src_files/lstm_kernel.cpp:78:48)
INFO: [HLS 207-4370] built-in candidate operator/(long double, long double) (lstm_hls_project/src_files/lstm_kernel.cpp:78:48)
INFO: [HLS 207-4370] built-in candidate operator/(long double, __float128) (lstm_hls_project/src_files/lstm_kernel.cpp:78:48)
INFO: [HLS 207-4370] built-in candidate operator/(long double, int) (lstm_hls_project/src_files/lstm_kernel.cpp:78:48)
INFO: [HLS 207-4370] built-in candidate operator/(long double, long) (lstm_hls_project/src_files/lstm_kernel.cpp:78:48)
INFO: [HLS 207-4370] built-in candidate operator/(long double, long long) (lstm_hls_project/src_files/lstm_kernel.cpp:78:48)
INFO: [HLS 207-4370] built-in candidate operator/(long double, __int128) (lstm_hls_project/src_files/lstm_kernel.cpp:78:48)
INFO: [HLS 207-4370] built-in candidate operator/(long double, unsigned int) (lstm_hls_project/src_files/lstm_kernel.cpp:78:48)
INFO: [HLS 207-4370] built-in candidate operator/(long double, unsigned long) (lstm_hls_project/src_files/lstm_kernel.cpp:78:48)
INFO: [HLS 207-4370] built-in candidate operator/(long double, unsigned long long) (lstm_hls_project/src_files/lstm_kernel.cpp:78:48)
INFO: [HLS 207-4370] built-in candidate operator/(long double, unsigned __int128) (lstm_hls_project/src_files/lstm_kernel.cpp:78:48)
INFO: [HLS 207-4370] built-in candidate operator/(__float128, float) (lstm_hls_project/src_files/lstm_kernel.cpp:78:48)
INFO: [HLS 207-4370] built-in candidate operator/(__float128, double) (lstm_hls_project/src_files/lstm_kernel.cpp:78:48)
INFO: [HLS 207-4370] built-in candidate operator/(__float128, long double) (lstm_hls_project/src_files/lstm_kernel.cpp:78:48)
INFO: [HLS 207-4370] built-in candidate operator/(__float128, __float128) (lstm_hls_project/src_files/lstm_kernel.cpp:78:48)
INFO: [HLS 207-4370] built-in candidate operator/(__float128, int) (lstm_hls_project/src_files/lstm_kernel.cpp:78:48)
INFO: [HLS 207-4370] built-in candidate operator/(__float128, long) (lstm_hls_project/src_files/lstm_kernel.cpp:78:48)
INFO: [HLS 207-4370] built-in candidate operator/(__float128, long long) (lstm_hls_project/src_files/lstm_kernel.cpp:78:48)
INFO: [HLS 207-4370] built-in candidate operator/(__float128, __int128) (lstm_hls_project/src_files/lstm_kernel.cpp:78:48)
INFO: [HLS 207-4370] built-in candidate operator/(__float128, unsigned int) (lstm_hls_project/src_files/lstm_kernel.cpp:78:48)
INFO: [HLS 207-4370] built-in candidate operator/(__float128, unsigned long) (lstm_hls_project/src_files/lstm_kernel.cpp:78:48)
INFO: [HLS 207-4370] built-in candidate operator/(__float128, unsigned long long) (lstm_hls_project/src_files/lstm_kernel.cpp:78:48)
INFO: [HLS 207-4370] built-in candidate operator/(__float128, unsigned __int128) (lstm_hls_project/src_files/lstm_kernel.cpp:78:48)
INFO: [HLS 207-4370] built-in candidate operator/(int, float) (lstm_hls_project/src_files/lstm_kernel.cpp:78:48)
INFO: [HLS 207-4370] built-in candidate operator/(int, double) (lstm_hls_project/src_files/lstm_kernel.cpp:78:48)
INFO: [HLS 207-4370] built-in candidate operator/(int, long double) (lstm_hls_project/src_files/lstm_kernel.cpp:78:48)
INFO: [HLS 207-4370] built-in candidate operator/(int, __float128) (lstm_hls_project/src_files/lstm_kernel.cpp:78:48)
INFO: [HLS 207-4370] built-in candidate operator/(int, int) (lstm_hls_project/src_files/lstm_kernel.cpp:78:48)
INFO: [HLS 207-4370] built-in candidate operator/(int, long) (lstm_hls_project/src_files/lstm_kernel.cpp:78:48)
INFO: [HLS 207-4370] built-in candidate operator/(int, long long) (lstm_hls_project/src_files/lstm_kernel.cpp:78:48)
INFO: [HLS 207-4370] built-in candidate operator/(int, __int128) (lstm_hls_project/src_files/lstm_kernel.cpp:78:48)
INFO: [HLS 207-4370] built-in candidate operator/(int, unsigned int) (lstm_hls_project/src_files/lstm_kernel.cpp:78:48)
INFO: [HLS 207-4370] built-in candidate operator/(int, unsigned long) (lstm_hls_project/src_files/lstm_kernel.cpp:78:48)
INFO: [HLS 207-4370] built-in candidate operator/(int, unsigned long long) (lstm_hls_project/src_files/lstm_kernel.cpp:78:48)
INFO: [HLS 207-4370] built-in candidate operator/(int, unsigned __int128) (lstm_hls_project/src_files/lstm_kernel.cpp:78:48)
INFO: [HLS 207-4370] built-in candidate operator/(long, float) (lstm_hls_project/src_files/lstm_kernel.cpp:78:48)
INFO: [HLS 207-4370] built-in candidate operator/(long, double) (lstm_hls_project/src_files/lstm_kernel.cpp:78:48)
INFO: [HLS 207-4370] built-in candidate operator/(long, long double) (lstm_hls_project/src_files/lstm_kernel.cpp:78:48)
INFO: [HLS 207-4370] built-in candidate operator/(long, __float128) (lstm_hls_project/src_files/lstm_kernel.cpp:78:48)
INFO: [HLS 207-4370] built-in candidate operator/(long, int) (lstm_hls_project/src_files/lstm_kernel.cpp:78:48)
INFO: [HLS 207-4370] built-in candidate operator/(long, long) (lstm_hls_project/src_files/lstm_kernel.cpp:78:48)
INFO: [HLS 207-4370] built-in candidate operator/(long, long long) (lstm_hls_project/src_files/lstm_kernel.cpp:78:48)
INFO: [HLS 207-4370] built-in candidate operator/(long, __int128) (lstm_hls_project/src_files/lstm_kernel.cpp:78:48)
INFO: [HLS 207-4370] built-in candidate operator/(long, unsigned int) (lstm_hls_project/src_files/lstm_kernel.cpp:78:48)
INFO: [HLS 207-4370] built-in candidate operator/(long, unsigned long) (lstm_hls_project/src_files/lstm_kernel.cpp:78:48)
INFO: [HLS 207-4370] built-in candidate operator/(long, unsigned long long) (lstm_hls_project/src_files/lstm_kernel.cpp:78:48)
INFO: [HLS 207-4370] built-in candidate operator/(long, unsigned __int128) (lstm_hls_project/src_files/lstm_kernel.cpp:78:48)
INFO: [HLS 207-4370] built-in candidate operator/(long long, float) (lstm_hls_project/src_files/lstm_kernel.cpp:78:48)
INFO: [HLS 207-4370] built-in candidate operator/(long long, double) (lstm_hls_project/src_files/lstm_kernel.cpp:78:48)
INFO: [HLS 207-4370] built-in candidate operator/(long long, long double) (lstm_hls_project/src_files/lstm_kernel.cpp:78:48)
INFO: [HLS 207-4370] built-in candidate operator/(long long, __float128) (lstm_hls_project/src_files/lstm_kernel.cpp:78:48)
INFO: [HLS 207-4370] built-in candidate operator/(long long, int) (lstm_hls_project/src_files/lstm_kernel.cpp:78:48)
INFO: [HLS 207-4370] built-in candidate operator/(long long, long) (lstm_hls_project/src_files/lstm_kernel.cpp:78:48)
INFO: [HLS 207-4370] built-in candidate operator/(long long, long long) (lstm_hls_project/src_files/lstm_kernel.cpp:78:48)
INFO: [HLS 207-4370] built-in candidate operator/(long long, __int128) (lstm_hls_project/src_files/lstm_kernel.cpp:78:48)
INFO: [HLS 207-4370] built-in candidate operator/(long long, unsigned int) (lstm_hls_project/src_files/lstm_kernel.cpp:78:48)
INFO: [HLS 207-4370] built-in candidate operator/(long long, unsigned long) (lstm_hls_project/src_files/lstm_kernel.cpp:78:48)
INFO: [HLS 207-4370] built-in candidate operator/(long long, unsigned long long) (lstm_hls_project/src_files/lstm_kernel.cpp:78:48)
INFO: [HLS 207-4370] built-in candidate operator/(long long, unsigned __int128) (lstm_hls_project/src_files/lstm_kernel.cpp:78:48)
INFO: [HLS 207-4370] built-in candidate operator/(__int128, float) (lstm_hls_project/src_files/lstm_kernel.cpp:78:48)
INFO: [HLS 207-4370] built-in candidate operator/(__int128, double) (lstm_hls_project/src_files/lstm_kernel.cpp:78:48)
INFO: [HLS 207-4370] built-in candidate operator/(__int128, long double) (lstm_hls_project/src_files/lstm_kernel.cpp:78:48)
INFO: [HLS 207-4370] built-in candidate operator/(__int128, __float128) (lstm_hls_project/src_files/lstm_kernel.cpp:78:48)
INFO: [HLS 207-4370] built-in candidate operator/(__int128, int) (lstm_hls_project/src_files/lstm_kernel.cpp:78:48)
INFO: [HLS 207-4370] built-in candidate operator/(__int128, long) (lstm_hls_project/src_files/lstm_kernel.cpp:78:48)
INFO: [HLS 207-4370] built-in candidate operator/(__int128, long long) (lstm_hls_project/src_files/lstm_kernel.cpp:78:48)
INFO: [HLS 207-4370] built-in candidate operator/(__int128, __int128) (lstm_hls_project/src_files/lstm_kernel.cpp:78:48)
INFO: [HLS 207-4370] built-in candidate operator/(__int128, unsigned int) (lstm_hls_project/src_files/lstm_kernel.cpp:78:48)
INFO: [HLS 207-4370] built-in candidate operator/(__int128, unsigned long) (lstm_hls_project/src_files/lstm_kernel.cpp:78:48)
INFO: [HLS 207-4370] built-in candidate operator/(__int128, unsigned long long) (lstm_hls_project/src_files/lstm_kernel.cpp:78:48)
INFO: [HLS 207-4370] built-in candidate operator/(__int128, unsigned __int128) (lstm_hls_project/src_files/lstm_kernel.cpp:78:48)
INFO: [HLS 207-4370] built-in candidate operator/(unsigned int, float) (lstm_hls_project/src_files/lstm_kernel.cpp:78:48)
INFO: [HLS 207-4370] built-in candidate operator/(unsigned int, double) (lstm_hls_project/src_files/lstm_kernel.cpp:78:48)
INFO: [HLS 207-4370] built-in candidate operator/(unsigned int, long double) (lstm_hls_project/src_files/lstm_kernel.cpp:78:48)
INFO: [HLS 207-4370] built-in candidate operator/(unsigned int, __float128) (lstm_hls_project/src_files/lstm_kernel.cpp:78:48)
INFO: [HLS 207-4370] built-in candidate operator/(unsigned int, int) (lstm_hls_project/src_files/lstm_kernel.cpp:78:48)
INFO: [HLS 207-4370] built-in candidate operator/(unsigned int, long) (lstm_hls_project/src_files/lstm_kernel.cpp:78:48)
INFO: [HLS 207-4370] built-in candidate operator/(unsigned int, long long) (lstm_hls_project/src_files/lstm_kernel.cpp:78:48)
INFO: [HLS 207-4370] built-in candidate operator/(unsigned int, __int128) (lstm_hls_project/src_files/lstm_kernel.cpp:78:48)
INFO: [HLS 207-4370] built-in candidate operator/(unsigned int, unsigned int) (lstm_hls_project/src_files/lstm_kernel.cpp:78:48)
INFO: [HLS 207-4370] built-in candidate operator/(unsigned int, unsigned long) (lstm_hls_project/src_files/lstm_kernel.cpp:78:48)
INFO: [HLS 207-4370] built-in candidate operator/(unsigned int, unsigned long long) (lstm_hls_project/src_files/lstm_kernel.cpp:78:48)
INFO: [HLS 207-4370] built-in candidate operator/(unsigned int, unsigned __int128) (lstm_hls_project/src_files/lstm_kernel.cpp:78:48)
INFO: [HLS 207-4370] built-in candidate operator/(unsigned long, float) (lstm_hls_project/src_files/lstm_kernel.cpp:78:48)
INFO: [HLS 207-4370] built-in candidate operator/(unsigned long, double) (lstm_hls_project/src_files/lstm_kernel.cpp:78:48)
INFO: [HLS 207-4370] built-in candidate operator/(unsigned long, long double) (lstm_hls_project/src_files/lstm_kernel.cpp:78:48)
INFO: [HLS 207-4370] built-in candidate operator/(unsigned long, __float128) (lstm_hls_project/src_files/lstm_kernel.cpp:78:48)
INFO: [HLS 207-4370] built-in candidate operator/(unsigned long, int) (lstm_hls_project/src_files/lstm_kernel.cpp:78:48)
INFO: [HLS 207-4370] built-in candidate operator/(unsigned long, long) (lstm_hls_project/src_files/lstm_kernel.cpp:78:48)
INFO: [HLS 207-4370] built-in candidate operator/(unsigned long, long long) (lstm_hls_project/src_files/lstm_kernel.cpp:78:48)
INFO: [HLS 207-4370] built-in candidate operator/(unsigned long, __int128) (lstm_hls_project/src_files/lstm_kernel.cpp:78:48)
INFO: [HLS 207-4370] built-in candidate operator/(unsigned long, unsigned int) (lstm_hls_project/src_files/lstm_kernel.cpp:78:48)
INFO: [HLS 207-4370] built-in candidate operator/(unsigned long, unsigned long) (lstm_hls_project/src_files/lstm_kernel.cpp:78:48)
INFO: [HLS 207-4370] built-in candidate operator/(unsigned long, unsigned long long) (lstm_hls_project/src_files/lstm_kernel.cpp:78:48)
INFO: [HLS 207-4370] built-in candidate operator/(unsigned long, unsigned __int128) (lstm_hls_project/src_files/lstm_kernel.cpp:78:48)
INFO: [HLS 207-4370] built-in candidate operator/(unsigned long long, float) (lstm_hls_project/src_files/lstm_kernel.cpp:78:48)
INFO: [HLS 207-4370] built-in candidate operator/(unsigned long long, double) (lstm_hls_project/src_files/lstm_kernel.cpp:78:48)
INFO: [HLS 207-4370] built-in candidate operator/(unsigned long long, long double) (lstm_hls_project/src_files/lstm_kernel.cpp:78:48)
INFO: [HLS 207-4370] built-in candidate operator/(unsigned long long, __float128) (lstm_hls_project/src_files/lstm_kernel.cpp:78:48)
INFO: [HLS 207-4370] built-in candidate operator/(unsigned long long, int) (lstm_hls_project/src_files/lstm_kernel.cpp:78:48)
INFO: [HLS 207-4370] built-in candidate operator/(unsigned long long, long) (lstm_hls_project/src_files/lstm_kernel.cpp:78:48)
INFO: [HLS 207-4370] built-in candidate operator/(unsigned long long, long long) (lstm_hls_project/src_files/lstm_kernel.cpp:78:48)
INFO: [HLS 207-4370] built-in candidate operator/(unsigned long long, __int128) (lstm_hls_project/src_files/lstm_kernel.cpp:78:48)
INFO: [HLS 207-4370] built-in candidate operator/(unsigned long long, unsigned int) (lstm_hls_project/src_files/lstm_kernel.cpp:78:48)
INFO: [HLS 207-4370] built-in candidate operator/(unsigned long long, unsigned long) (lstm_hls_project/src_files/lstm_kernel.cpp:78:48)
INFO: [HLS 207-4370] built-in candidate operator/(unsigned long long, unsigned long long) (lstm_hls_project/src_files/lstm_kernel.cpp:78:48)
INFO: [HLS 207-4370] built-in candidate operator/(unsigned long long, unsigned __int128) (lstm_hls_project/src_files/lstm_kernel.cpp:78:48)
INFO: [HLS 207-4370] built-in candidate operator/(unsigned __int128, float) (lstm_hls_project/src_files/lstm_kernel.cpp:78:48)
INFO: [HLS 207-4370] built-in candidate operator/(unsigned __int128, double) (lstm_hls_project/src_files/lstm_kernel.cpp:78:48)
INFO: [HLS 207-4370] built-in candidate operator/(unsigned __int128, long double) (lstm_hls_project/src_files/lstm_kernel.cpp:78:48)
INFO: [HLS 207-4370] built-in candidate operator/(unsigned __int128, __float128) (lstm_hls_project/src_files/lstm_kernel.cpp:78:48)
INFO: [HLS 207-4370] built-in candidate operator/(unsigned __int128, int) (lstm_hls_project/src_files/lstm_kernel.cpp:78:48)
INFO: [HLS 207-4370] built-in candidate operator/(unsigned __int128, long) (lstm_hls_project/src_files/lstm_kernel.cpp:78:48)
INFO: [HLS 207-4370] built-in candidate operator/(unsigned __int128, long long) (lstm_hls_project/src_files/lstm_kernel.cpp:78:48)
INFO: [HLS 207-4370] built-in candidate operator/(unsigned __int128, __int128) (lstm_hls_project/src_files/lstm_kernel.cpp:78:48)
INFO: [HLS 207-4370] built-in candidate operator/(unsigned __int128, unsigned int) (lstm_hls_project/src_files/lstm_kernel.cpp:78:48)
INFO: [HLS 207-4370] built-in candidate operator/(unsigned __int128, unsigned long) (lstm_hls_project/src_files/lstm_kernel.cpp:78:48)
INFO: [HLS 207-4370] built-in candidate operator/(unsigned __int128, unsigned long long) (lstm_hls_project/src_files/lstm_kernel.cpp:78:48)
INFO: [HLS 207-4370] built-in candidate operator/(unsigned __int128, unsigned __int128) (lstm_hls_project/src_files/lstm_kernel.cpp:78:48)
ERROR: [HLS 207-3325] use of overloaded operator '/' is ambiguous (with operand types 'double' and 'LstmStateType' (aka 'ap_fixed<14, 6>')) (lstm_hls_project/src_files/lstm_kernel.cpp:79:49)
INFO: [HLS 207-4370] built-in candidate operator/(double, float) (lstm_hls_project/src_files/lstm_kernel.cpp:79:49)
INFO: [HLS 207-4370] built-in candidate operator/(double, double) (lstm_hls_project/src_files/lstm_kernel.cpp:79:49)
INFO: [HLS 207-4370] built-in candidate operator/(double, long double) (lstm_hls_project/src_files/lstm_kernel.cpp:79:49)
INFO: [HLS 207-4370] built-in candidate operator/(double, __float128) (lstm_hls_project/src_files/lstm_kernel.cpp:79:49)
INFO: [HLS 207-4370] built-in candidate operator/(double, int) (lstm_hls_project/src_files/lstm_kernel.cpp:79:49)
INFO: [HLS 207-4370] built-in candidate operator/(double, long) (lstm_hls_project/src_files/lstm_kernel.cpp:79:49)
INFO: [HLS 207-4370] built-in candidate operator/(double, long long) (lstm_hls_project/src_files/lstm_kernel.cpp:79:49)
INFO: [HLS 207-4370] built-in candidate operator/(double, __int128) (lstm_hls_project/src_files/lstm_kernel.cpp:79:49)
INFO: [HLS 207-4370] built-in candidate operator/(double, unsigned int) (lstm_hls_project/src_files/lstm_kernel.cpp:79:49)
INFO: [HLS 207-4370] built-in candidate operator/(double, unsigned long) (lstm_hls_project/src_files/lstm_kernel.cpp:79:49)
INFO: [HLS 207-4370] built-in candidate operator/(double, unsigned long long) (lstm_hls_project/src_files/lstm_kernel.cpp:79:49)
INFO: [HLS 207-4370] built-in candidate operator/(double, unsigned __int128) (lstm_hls_project/src_files/lstm_kernel.cpp:79:49)
INFO: [HLS 207-4370] built-in candidate operator/(float, float) (lstm_hls_project/src_files/lstm_kernel.cpp:79:49)
INFO: [HLS 207-4370] built-in candidate operator/(float, double) (lstm_hls_project/src_files/lstm_kernel.cpp:79:49)
INFO: [HLS 207-4370] built-in candidate operator/(float, long double) (lstm_hls_project/src_files/lstm_kernel.cpp:79:49)
INFO: [HLS 207-4370] built-in candidate operator/(float, __float128) (lstm_hls_project/src_files/lstm_kernel.cpp:79:49)
INFO: [HLS 207-4370] built-in candidate operator/(float, int) (lstm_hls_project/src_files/lstm_kernel.cpp:79:49)
INFO: [HLS 207-4370] built-in candidate operator/(float, long) (lstm_hls_project/src_files/lstm_kernel.cpp:79:49)
INFO: [HLS 207-4370] built-in candidate operator/(float, long long) (lstm_hls_project/src_files/lstm_kernel.cpp:79:49)
INFO: [HLS 207-4370] built-in candidate operator/(float, __int128) (lstm_hls_project/src_files/lstm_kernel.cpp:79:49)
INFO: [HLS 207-4370] built-in candidate operator/(float, unsigned int) (lstm_hls_project/src_files/lstm_kernel.cpp:79:49)
INFO: [HLS 207-4370] built-in candidate operator/(float, unsigned long) (lstm_hls_project/src_files/lstm_kernel.cpp:79:49)
INFO: [HLS 207-4370] built-in candidate operator/(float, unsigned long long) (lstm_hls_project/src_files/lstm_kernel.cpp:79:49)
INFO: [HLS 207-4370] built-in candidate operator/(float, unsigned __int128) (lstm_hls_project/src_files/lstm_kernel.cpp:79:49)
INFO: [HLS 207-4370] built-in candidate operator/(long double, float) (lstm_hls_project/src_files/lstm_kernel.cpp:79:49)
INFO: [HLS 207-4370] built-in candidate operator/(long double, double) (lstm_hls_project/src_files/lstm_kernel.cpp:79:49)
INFO: [HLS 207-4370] built-in candidate operator/(long double, long double) (lstm_hls_project/src_files/lstm_kernel.cpp:79:49)
INFO: [HLS 207-4370] built-in candidate operator/(long double, __float128) (lstm_hls_project/src_files/lstm_kernel.cpp:79:49)
INFO: [HLS 207-4370] built-in candidate operator/(long double, int) (lstm_hls_project/src_files/lstm_kernel.cpp:79:49)
INFO: [HLS 207-4370] built-in candidate operator/(long double, long) (lstm_hls_project/src_files/lstm_kernel.cpp:79:49)
INFO: [HLS 207-4370] built-in candidate operator/(long double, long long) (lstm_hls_project/src_files/lstm_kernel.cpp:79:49)
INFO: [HLS 207-4370] built-in candidate operator/(long double, __int128) (lstm_hls_project/src_files/lstm_kernel.cpp:79:49)
INFO: [HLS 207-4370] built-in candidate operator/(long double, unsigned int) (lstm_hls_project/src_files/lstm_kernel.cpp:79:49)
INFO: [HLS 207-4370] built-in candidate operator/(long double, unsigned long) (lstm_hls_project/src_files/lstm_kernel.cpp:79:49)
INFO: [HLS 207-4370] built-in candidate operator/(long double, unsigned long long) (lstm_hls_project/src_files/lstm_kernel.cpp:79:49)
INFO: [HLS 207-4370] built-in candidate operator/(long double, unsigned __int128) (lstm_hls_project/src_files/lstm_kernel.cpp:79:49)
INFO: [HLS 207-4370] built-in candidate operator/(__float128, float) (lstm_hls_project/src_files/lstm_kernel.cpp:79:49)
INFO: [HLS 207-4370] built-in candidate operator/(__float128, double) (lstm_hls_project/src_files/lstm_kernel.cpp:79:49)
INFO: [HLS 207-4370] built-in candidate operator/(__float128, long double) (lstm_hls_project/src_files/lstm_kernel.cpp:79:49)
INFO: [HLS 207-4370] built-in candidate operator/(__float128, __float128) (lstm_hls_project/src_files/lstm_kernel.cpp:79:49)
INFO: [HLS 207-4370] built-in candidate operator/(__float128, int) (lstm_hls_project/src_files/lstm_kernel.cpp:79:49)
INFO: [HLS 207-4370] built-in candidate operator/(__float128, long) (lstm_hls_project/src_files/lstm_kernel.cpp:79:49)
INFO: [HLS 207-4370] built-in candidate operator/(__float128, long long) (lstm_hls_project/src_files/lstm_kernel.cpp:79:49)
INFO: [HLS 207-4370] built-in candidate operator/(__float128, __int128) (lstm_hls_project/src_files/lstm_kernel.cpp:79:49)
INFO: [HLS 207-4370] built-in candidate operator/(__float128, unsigned int) (lstm_hls_project/src_files/lstm_kernel.cpp:79:49)
INFO: [HLS 207-4370] built-in candidate operator/(__float128, unsigned long) (lstm_hls_project/src_files/lstm_kernel.cpp:79:49)
INFO: [HLS 207-4370] built-in candidate operator/(__float128, unsigned long long) (lstm_hls_project/src_files/lstm_kernel.cpp:79:49)
INFO: [HLS 207-4370] built-in candidate operator/(__float128, unsigned __int128) (lstm_hls_project/src_files/lstm_kernel.cpp:79:49)
INFO: [HLS 207-4370] built-in candidate operator/(int, float) (lstm_hls_project/src_files/lstm_kernel.cpp:79:49)
INFO: [HLS 207-4370] built-in candidate operator/(int, double) (lstm_hls_project/src_files/lstm_kernel.cpp:79:49)
INFO: [HLS 207-4370] built-in candidate operator/(int, long double) (lstm_hls_project/src_files/lstm_kernel.cpp:79:49)
INFO: [HLS 207-4370] built-in candidate operator/(int, __float128) (lstm_hls_project/src_files/lstm_kernel.cpp:79:49)
INFO: [HLS 207-4370] built-in candidate operator/(int, int) (lstm_hls_project/src_files/lstm_kernel.cpp:79:49)
INFO: [HLS 207-4370] built-in candidate operator/(int, long) (lstm_hls_project/src_files/lstm_kernel.cpp:79:49)
INFO: [HLS 207-4370] built-in candidate operator/(int, long long) (lstm_hls_project/src_files/lstm_kernel.cpp:79:49)
INFO: [HLS 207-4370] built-in candidate operator/(int, __int128) (lstm_hls_project/src_files/lstm_kernel.cpp:79:49)
INFO: [HLS 207-4370] built-in candidate operator/(int, unsigned int) (lstm_hls_project/src_files/lstm_kernel.cpp:79:49)
INFO: [HLS 207-4370] built-in candidate operator/(int, unsigned long) (lstm_hls_project/src_files/lstm_kernel.cpp:79:49)
INFO: [HLS 207-4370] built-in candidate operator/(int, unsigned long long) (lstm_hls_project/src_files/lstm_kernel.cpp:79:49)
INFO: [HLS 207-4370] built-in candidate operator/(int, unsigned __int128) (lstm_hls_project/src_files/lstm_kernel.cpp:79:49)
INFO: [HLS 207-4370] built-in candidate operator/(long, float) (lstm_hls_project/src_files/lstm_kernel.cpp:79:49)
INFO: [HLS 207-4370] built-in candidate operator/(long, double) (lstm_hls_project/src_files/lstm_kernel.cpp:79:49)
INFO: [HLS 207-4370] built-in candidate operator/(long, long double) (lstm_hls_project/src_files/lstm_kernel.cpp:79:49)
INFO: [HLS 207-4370] built-in candidate operator/(long, __float128) (lstm_hls_project/src_files/lstm_kernel.cpp:79:49)
INFO: [HLS 207-4370] built-in candidate operator/(long, int) (lstm_hls_project/src_files/lstm_kernel.cpp:79:49)
INFO: [HLS 207-4370] built-in candidate operator/(long, long) (lstm_hls_project/src_files/lstm_kernel.cpp:79:49)
INFO: [HLS 207-4370] built-in candidate operator/(long, long long) (lstm_hls_project/src_files/lstm_kernel.cpp:79:49)
INFO: [HLS 207-4370] built-in candidate operator/(long, __int128) (lstm_hls_project/src_files/lstm_kernel.cpp:79:49)
INFO: [HLS 207-4370] built-in candidate operator/(long, unsigned int) (lstm_hls_project/src_files/lstm_kernel.cpp:79:49)
INFO: [HLS 207-4370] built-in candidate operator/(long, unsigned long) (lstm_hls_project/src_files/lstm_kernel.cpp:79:49)
INFO: [HLS 207-4370] built-in candidate operator/(long, unsigned long long) (lstm_hls_project/src_files/lstm_kernel.cpp:79:49)
INFO: [HLS 207-4370] built-in candidate operator/(long, unsigned __int128) (lstm_hls_project/src_files/lstm_kernel.cpp:79:49)
INFO: [HLS 207-4370] built-in candidate operator/(long long, float) (lstm_hls_project/src_files/lstm_kernel.cpp:79:49)
INFO: [HLS 207-4370] built-in candidate operator/(long long, double) (lstm_hls_project/src_files/lstm_kernel.cpp:79:49)
INFO: [HLS 207-4370] built-in candidate operator/(long long, long double) (lstm_hls_project/src_files/lstm_kernel.cpp:79:49)
INFO: [HLS 207-4370] built-in candidate operator/(long long, __float128) (lstm_hls_project/src_files/lstm_kernel.cpp:79:49)
INFO: [HLS 207-4370] built-in candidate operator/(long long, int) (lstm_hls_project/src_files/lstm_kernel.cpp:79:49)
INFO: [HLS 207-4370] built-in candidate operator/(long long, long) (lstm_hls_project/src_files/lstm_kernel.cpp:79:49)
INFO: [HLS 207-4370] built-in candidate operator/(long long, long long) (lstm_hls_project/src_files/lstm_kernel.cpp:79:49)
INFO: [HLS 207-4370] built-in candidate operator/(long long, __int128) (lstm_hls_project/src_files/lstm_kernel.cpp:79:49)
INFO: [HLS 207-4370] built-in candidate operator/(long long, unsigned int) (lstm_hls_project/src_files/lstm_kernel.cpp:79:49)
INFO: [HLS 207-4370] built-in candidate operator/(long long, unsigned long) (lstm_hls_project/src_files/lstm_kernel.cpp:79:49)
INFO: [HLS 207-4370] built-in candidate operator/(long long, unsigned long long) (lstm_hls_project/src_files/lstm_kernel.cpp:79:49)
INFO: [HLS 207-4370] built-in candidate operator/(long long, unsigned __int128) (lstm_hls_project/src_files/lstm_kernel.cpp:79:49)
INFO: [HLS 207-4370] built-in candidate operator/(__int128, float) (lstm_hls_project/src_files/lstm_kernel.cpp:79:49)
INFO: [HLS 207-4370] built-in candidate operator/(__int128, double) (lstm_hls_project/src_files/lstm_kernel.cpp:79:49)
INFO: [HLS 207-4370] built-in candidate operator/(__int128, long double) (lstm_hls_project/src_files/lstm_kernel.cpp:79:49)
INFO: [HLS 207-4370] built-in candidate operator/(__int128, __float128) (lstm_hls_project/src_files/lstm_kernel.cpp:79:49)
INFO: [HLS 207-4370] built-in candidate operator/(__int128, int) (lstm_hls_project/src_files/lstm_kernel.cpp:79:49)
INFO: [HLS 207-4370] built-in candidate operator/(__int128, long) (lstm_hls_project/src_files/lstm_kernel.cpp:79:49)
INFO: [HLS 207-4370] built-in candidate operator/(__int128, long long) (lstm_hls_project/src_files/lstm_kernel.cpp:79:49)
INFO: [HLS 207-4370] built-in candidate operator/(__int128, __int128) (lstm_hls_project/src_files/lstm_kernel.cpp:79:49)
INFO: [HLS 207-4370] built-in candidate operator/(__int128, unsigned int) (lstm_hls_project/src_files/lstm_kernel.cpp:79:49)
INFO: [HLS 207-4370] built-in candidate operator/(__int128, unsigned long) (lstm_hls_project/src_files/lstm_kernel.cpp:79:49)
INFO: [HLS 207-4370] built-in candidate operator/(__int128, unsigned long long) (lstm_hls_project/src_files/lstm_kernel.cpp:79:49)
INFO: [HLS 207-4370] built-in candidate operator/(__int128, unsigned __int128) (lstm_hls_project/src_files/lstm_kernel.cpp:79:49)
INFO: [HLS 207-4370] built-in candidate operator/(unsigned int, float) (lstm_hls_project/src_files/lstm_kernel.cpp:79:49)
INFO: [HLS 207-4370] built-in candidate operator/(unsigned int, double) (lstm_hls_project/src_files/lstm_kernel.cpp:79:49)
INFO: [HLS 207-4370] built-in candidate operator/(unsigned int, long double) (lstm_hls_project/src_files/lstm_kernel.cpp:79:49)
INFO: [HLS 207-4370] built-in candidate operator/(unsigned int, __float128) (lstm_hls_project/src_files/lstm_kernel.cpp:79:49)
INFO: [HLS 207-4370] built-in candidate operator/(unsigned int, int) (lstm_hls_project/src_files/lstm_kernel.cpp:79:49)
INFO: [HLS 207-4370] built-in candidate operator/(unsigned int, long) (lstm_hls_project/src_files/lstm_kernel.cpp:79:49)
INFO: [HLS 207-4370] built-in candidate operator/(unsigned int, long long) (lstm_hls_project/src_files/lstm_kernel.cpp:79:49)
INFO: [HLS 207-4370] built-in candidate operator/(unsigned int, __int128) (lstm_hls_project/src_files/lstm_kernel.cpp:79:49)
INFO: [HLS 207-4370] built-in candidate operator/(unsigned int, unsigned int) (lstm_hls_project/src_files/lstm_kernel.cpp:79:49)
INFO: [HLS 207-4370] built-in candidate operator/(unsigned int, unsigned long) (lstm_hls_project/src_files/lstm_kernel.cpp:79:49)
INFO: [HLS 207-4370] built-in candidate operator/(unsigned int, unsigned long long) (lstm_hls_project/src_files/lstm_kernel.cpp:79:49)
INFO: [HLS 207-4370] built-in candidate operator/(unsigned int, unsigned __int128) (lstm_hls_project/src_files/lstm_kernel.cpp:79:49)
INFO: [HLS 207-4370] built-in candidate operator/(unsigned long, float) (lstm_hls_project/src_files/lstm_kernel.cpp:79:49)
INFO: [HLS 207-4370] built-in candidate operator/(unsigned long, double) (lstm_hls_project/src_files/lstm_kernel.cpp:79:49)
INFO: [HLS 207-4370] built-in candidate operator/(unsigned long, long double) (lstm_hls_project/src_files/lstm_kernel.cpp:79:49)
INFO: [HLS 207-4370] built-in candidate operator/(unsigned long, __float128) (lstm_hls_project/src_files/lstm_kernel.cpp:79:49)
INFO: [HLS 207-4370] built-in candidate operator/(unsigned long, int) (lstm_hls_project/src_files/lstm_kernel.cpp:79:49)
INFO: [HLS 207-4370] built-in candidate operator/(unsigned long, long) (lstm_hls_project/src_files/lstm_kernel.cpp:79:49)
INFO: [HLS 207-4370] built-in candidate operator/(unsigned long, long long) (lstm_hls_project/src_files/lstm_kernel.cpp:79:49)
INFO: [HLS 207-4370] built-in candidate operator/(unsigned long, __int128) (lstm_hls_project/src_files/lstm_kernel.cpp:79:49)
INFO: [HLS 207-4370] built-in candidate operator/(unsigned long, unsigned int) (lstm_hls_project/src_files/lstm_kernel.cpp:79:49)
INFO: [HLS 207-4370] built-in candidate operator/(unsigned long, unsigned long) (lstm_hls_project/src_files/lstm_kernel.cpp:79:49)
INFO: [HLS 207-4370] built-in candidate operator/(unsigned long, unsigned long long) (lstm_hls_project/src_files/lstm_kernel.cpp:79:49)
INFO: [HLS 207-4370] built-in candidate operator/(unsigned long, unsigned __int128) (lstm_hls_project/src_files/lstm_kernel.cpp:79:49)
INFO: [HLS 207-4370] built-in candidate operator/(unsigned long long, float) (lstm_hls_project/src_files/lstm_kernel.cpp:79:49)
INFO: [HLS 207-4370] built-in candidate operator/(unsigned long long, double) (lstm_hls_project/src_files/lstm_kernel.cpp:79:49)
INFO: [HLS 207-4370] built-in candidate operator/(unsigned long long, long double) (lstm_hls_project/src_files/lstm_kernel.cpp:79:49)
INFO: [HLS 207-4370] built-in candidate operator/(unsigned long long, __float128) (lstm_hls_project/src_files/lstm_kernel.cpp:79:49)
INFO: [HLS 207-4370] built-in candidate operator/(unsigned long long, int) (lstm_hls_project/src_files/lstm_kernel.cpp:79:49)
INFO: [HLS 207-4370] built-in candidate operator/(unsigned long long, long) (lstm_hls_project/src_files/lstm_kernel.cpp:79:49)
INFO: [HLS 207-4370] built-in candidate operator/(unsigned long long, long long) (lstm_hls_project/src_files/lstm_kernel.cpp:79:49)
INFO: [HLS 207-4370] built-in candidate operator/(unsigned long long, __int128) (lstm_hls_project/src_files/lstm_kernel.cpp:79:49)
INFO: [HLS 207-4370] built-in candidate operator/(unsigned long long, unsigned int) (lstm_hls_project/src_files/lstm_kernel.cpp:79:49)
INFO: [HLS 207-4370] built-in candidate operator/(unsigned long long, unsigned long) (lstm_hls_project/src_files/lstm_kernel.cpp:79:49)
INFO: [HLS 207-4370] built-in candidate operator/(unsigned long long, unsigned long long) (lstm_hls_project/src_files/lstm_kernel.cpp:79:49)
INFO: [HLS 207-4370] built-in candidate operator/(unsigned long long, unsigned __int128) (lstm_hls_project/src_files/lstm_kernel.cpp:79:49)
INFO: [HLS 207-4370] built-in candidate operator/(unsigned __int128, float) (lstm_hls_project/src_files/lstm_kernel.cpp:79:49)
INFO: [HLS 207-4370] built-in candidate operator/(unsigned __int128, double) (lstm_hls_project/src_files/lstm_kernel.cpp:79:49)
INFO: [HLS 207-4370] built-in candidate operator/(unsigned __int128, long double) (lstm_hls_project/src_files/lstm_kernel.cpp:79:49)
INFO: [HLS 207-4370] built-in candidate operator/(unsigned __int128, __float128) (lstm_hls_project/src_files/lstm_kernel.cpp:79:49)
INFO: [HLS 207-4370] built-in candidate operator/(unsigned __int128, int) (lstm_hls_project/src_files/lstm_kernel.cpp:79:49)
INFO: [HLS 207-4370] built-in candidate operator/(unsigned __int128, long) (lstm_hls_project/src_files/lstm_kernel.cpp:79:49)
INFO: [HLS 207-4370] built-in candidate operator/(unsigned __int128, long long) (lstm_hls_project/src_files/lstm_kernel.cpp:79:49)
INFO: [HLS 207-4370] built-in candidate operator/(unsigned __int128, __int128) (lstm_hls_project/src_files/lstm_kernel.cpp:79:49)
INFO: [HLS 207-4370] built-in candidate operator/(unsigned __int128, unsigned int) (lstm_hls_project/src_files/lstm_kernel.cpp:79:49)
INFO: [HLS 207-4370] built-in candidate operator/(unsigned __int128, unsigned long) (lstm_hls_project/src_files/lstm_kernel.cpp:79:49)
INFO: [HLS 207-4370] built-in candidate operator/(unsigned __int128, unsigned long long) (lstm_hls_project/src_files/lstm_kernel.cpp:79:49)
INFO: [HLS 207-4370] built-in candidate operator/(unsigned __int128, unsigned __int128) (lstm_hls_project/src_files/lstm_kernel.cpp:79:49)
WARNING: [HLS 207-5169] shift count is negative (/tools/Xilinx/Vitis_HLS/2023.2/common/technology/autopilot/etc/ap_fixed_base.h:992:13)
INFO: [HLS 207-4526] in instantiation of member function 'ap_fixed_base<21, 7, false, AP_TRN, AP_WRAP, 0>::to_ap_int_base' requested here (/tools/Xilinx/Vitis_HLS/2023.2/common/technology/autopilot/etc/ap_int_base.h:347:18)
INFO: [HLS 207-4235] in instantiation of function template specialization 'ap_int_base<7, false>::ap_int_base<21, 7, false, AP_TRN, AP_WRAP, 0>' requested here (/tools/Xilinx/Vitis_HLS/2023.2/common/technology/autopilot/ap_int.h:237:9)
INFO: [HLS 207-4235] in instantiation of function template specialization 'ap_uint<7>::ap_uint<21, 7, AP_TRN, AP_WRAP, 0>' requested here (/tools/Xilinx/Vitis_HLS/2023.2/common/technology/autopilot/etc/hls_cordic_apfixed.h:723:9)
INFO: [HLS 207-4235] in instantiation of function template specialization 'cordic_apfixed::hyperb_range_redux<14, 6, 14>' requested here (/tools/Xilinx/Vitis_HLS/2023.2/common/technology/autopilot/etc/hls_cordic_apfixed.h:808:5)
INFO: [HLS 207-4235] in instantiation of function template specialization 'cordic_apfixed::sinh_cosh_range_redux_cordic<14, 6>' requested here (/tools/Xilinx/Vitis_HLS/2023.2/common/technology/autopilot/etc/hls_cordic_apfixed.h:938:5)
INFO: [HLS 207-4235] in instantiation of function template specialization 'cordic_apfixed::generic_sinh<14, 6>' requested here (/tools/Xilinx/Vitis_HLS/2023.2/common/technology/autopilot/hls_math.h:1501:25)
INFO: [HLS 207-4235] in instantiation of function template specialization 'hls::sinh<14, 6>' requested here (lstm_hls_project/src_files/lstm_kernel.cpp:5:17)
INFO: [HLS 200-111] Finished Command csynth_design CPU user time: 12.77 seconds. CPU system time: 1.04 seconds. Elapsed time: 19.39 seconds; current allocated memory: 6.691 MB.
